number,value,datetime_start,datetime_complete,duration,params_A,params_B,params_C,params_D,params_Vmax,params_a_ub,params_h1,params_h2,user_attrs_IAE,user_attrs_IAE_0,user_attrs_IAE_1,user_attrs_IAE_2,user_attrs_best_mean_reward,user_attrs_best_mean_reward_0,user_attrs_best_mean_reward_1,user_attrs_best_mean_reward_2,user_attrs_sumA,system_attrs_completed_rung_0,system_attrs_completed_rung_1,system_attrs_fixed_params,state
174,0.104177120178693,2025-08-26 08:44:06,2025-08-26 11:18:24,0 days 02:34:18,30.33584273261092,-0.10976952079766458,9.657172728518443,-0.8698353583539442,3.2089547080896073,0.9496031035772211,1.3905943939862087,3.486155036108163,0.104177120178693,0.2820389339252873,0.18574177945384496,0.104177120178693,1548.788338586667,1524.01116921,1537.903783686667,1548.788338586667,2.2572048668391655,0.18574177945384496,,,COMPLETE
175,0.19821816843026663,2025-08-26 09:53:13,2025-08-26 12:29:41,0 days 02:36:28,30.92496681314171,-0.11032248166495456,4.733771922932171,-0.8600896561691439,3.2978876144127103,0.9554043884681674,1.3400374730718136,3.3600523395152395,0.19821816843026663,0.18466823839507598,0.12020486391060137,0.19821816843026663,1451.4382582966666,1398.6417806266666,1431.6975670266668,1451.4382582966666,1.7953619034515482,0.18466823839507598,0.12020486391060137,,COMPLETE
176,0.1657776589497296,2025-08-26 10:51:34,2025-08-26 13:29:48,0 days 02:38:14,32.02979201861488,-0.07595675775988549,16.39879584554356,-0.8740000298668578,2.976378261168442,0.9704057905506313,1.3930921637037115,3.326766033081698,0.1657776589497296,0.15922879076256471,0.21847696683472737,0.1657776589497296,1861.20334843,1796.611810446667,1861.20334843,1861.20334843,1.8333505703500084,0.21847696683472737,,,COMPLETE
177,0.1860732887599779,2025-08-26 10:51:43,2025-08-26 13:26:55,0 days 02:35:12,33.98795024511651,-0.10627419423677956,21.699963583146072,-0.8680188825753961,3.248108328358494,0.9516154204914278,1.3592794309132952,3.3550233456039895,0.1860732887599779,0.21941394550025037,0.1583490414039497,0.1860732887599779,2097.04068128,1976.5235636500001,1979.0367274766668,2097.04068128,2.000192459166055,0.21941394550025037,0.1583490414039497,,COMPLETE
178,0.19382709099223225,2025-08-26 10:56:01,2025-08-26 13:34:11,0 days 02:38:10,33.43291552545657,-0.07268377469880388,12.440351231796331,-0.8762668675168364,6.981527840787562,0.9676706247316504,1.3722731413217575,3.490823123001203,0.19382709099223225,0.15136867787152186,0.21044256901643887,0.19382709099223225,1871.0574719766666,1813.0485271300001,1863.5449409533333,1871.0574719766666,1.5128789162374563,0.15136867787152186,0.21044256901643887,,COMPLETE
179,0.40891030358654606,2025-08-26 11:04:17,2025-08-26 12:21:55,0 days 01:17:38,29.65660527049748,-0.074229924688562,13.205198709469332,-0.8728293181415245,5.093151009823657,0.79614131561224,1.3720178623588746,3.677717719504642,,0.17860996381920566,,,,1662.073566296667,,,,0.40891030358654606,,,PRUNED
180,0.277180350813795,2025-08-26 11:18:24,2025-08-26 11:56:59,0 days 00:38:35,29.502518696298868,-0.072953040214432,21.22099973982122,-0.870592885104106,2.017613054847126,0.944675817755974,1.346221760921819,4.107138712339308,,,,,,,,,,0.277180350813795,,,PRUNED
181,0.17108138341821222,2025-08-26 11:56:59,2025-08-26 14:31:40,0 days 02:34:41,33.96140111466867,-0.10288595651613529,10.77596298868897,-0.8457137935189583,3.737265853113996,0.9672400839123179,1.5229324252380207,3.65569399803566,0.17108138341821222,0.2577941712803172,0.23521882086259338,0.17108138341821222,1975.2321369133333,1925.0986464866667,1925.0986464866667,1975.2321369133333,1.2134634157678033,0.23521882086259338,,,COMPLETE
182,0.11304611677215783,2025-08-26 12:21:55,2025-08-26 14:56:21,0 days 02:34:26,34.46624049907387,-0.10294688368114692,10.28197360931085,-0.8502547706216622,3.409961365045879,0.9308234409839465,1.60708735767606,3.515098842887568,0.11304611677215783,0.19180286560921225,0.18484894792490716,0.11304611677215783,1978.6695736600002,1882.05758867,1900.2125149033334,1978.6695736600002,1.633778824561089,0.19180286560921225,0.18484894792490716,,COMPLETE
183,0.9804658562026264,2025-08-26 12:29:41,2025-08-26 13:53:35,0 days 01:23:54,61.888974510500674,-0.01925689889705031,10.238765961887253,-0.8469061750301672,7.06634146216413,0.9686091093944811,1.5641611053836089,3.4894802489722374,,0.9668393615206897,,,,2995.4974952,,,,0.9804658562026264,,,PRUNED
184,0.20361592043755386,2025-08-26 13:26:55,2025-08-26 16:01:17,0 days 02:34:22,30.33584273261092,-0.10976952079,9.657172728518,-0.86983535835394,3.2089547080896,0.949603103577221,2.5,2.5,0.20361592043755386,0.15645508269942635,0.14423670667705168,0.20361592043755386,1544.5089279166666,1512.8471517066664,1519.60298573,1544.5089279166666,1.2964353900697148,0.15645508269942635,0.14423670667705168,"{'A': 30.33584273261092, 'B': -0.10976952079, 'C': 9.657172728518, 'D': -0.86983535835394, 'Vmax': 3.2089547080896, 'a_ub': 0.949603103577221, 'h1': 2.5, 'h2': 2.5}",COMPLETE
185,0.18234771850048923,2025-08-26 13:29:48,2025-08-26 16:16:30,0 days 02:46:42,30.33584273261092,-0.10976952079,9.657172728518,-0.86983535835394,3.2089547080896,0.7,2.5,2.5,0.18234771850048923,0.18466498206300308,0.1669094393978027,0.18234771850048923,1530.468752523333,1474.5936763066668,1515.4977751166664,1530.468752523333,1.994526970500872,0.1669094393978027,,"{'A': 30.33584273261092, 'B': -0.10976952079, 'C': 9.657172728518, 'D': -0.86983535835394, 'Vmax': 3.2089547080896, 'a_ub': 0.7, 'h1': 2.5, 'h2': 2.5}",COMPLETE
186,0.13751550823345002,2025-08-26 13:34:11,2025-08-26 16:22:47,0 days 02:48:36,30.33584273261092,-0.10976952079,9.657172728518,-0.86983535835394,2.0,0.949603103577221,2.5,2.5,0.13751550823345002,0.22718934001131452,0.15657764150298004,0.13751550823345002,1525.3652703066666,1500.5715980866664,1523.8004802233334,1525.3652703066666,1.7415775781991398,0.22718934001131452,0.15657764150298004,"{'A': 30.33584273261092, 'B': -0.10976952079, 'C': 9.657172728518, 'D': -0.86983535835394, 'Vmax': 2, 'a_ub': 0.949603103577221, 'h1': 2.5, 'h2': 2.5}",COMPLETE
187,0.10559852819616096,2025-08-26 13:53:35,2025-08-26 16:42:51,0 days 02:49:16,30.33584273261092,-0.10976952079,9.657172728518,-0.86983535835394,5.0,0.949603103577221,2.5,2.5,0.10559852819616096,0.17755831272097122,0.17945712784116416,0.10559852819616096,1513.4149545666667,1487.7418990400001,1505.0665710233334,1513.4149545666667,1.5273807247565305,0.17945712784116416,,"{'A': 30.33584273261092, 'B': -0.10976952079, 'C': 9.657172728518, 'D': -0.86983535835394, 'Vmax': 5, 'a_ub': 0.949603103577221, 'h1': 2.5, 'h2': 2.5}",COMPLETE
188,1.5002865914112977,2025-08-26 14:31:40,2025-08-26 16:01:56,0 days 01:30:16,57.09893917239124,-0.017724095519826174,2.698565503477382,-0.974510508368347,4.1176032474612105,0.9280570318363355,1.4536823951396587,3.2386793850600526,,1.9353282656844601,,,,1026.11546084,,,,1.5002865914112977,,,PRUNED
189,0.19987327124011212,2025-08-26 14:56:21,2025-08-26 17:31:12,0 days 02:34:51,39.32591766088473,-0.023127232954681706,8.929849343824317,-0.9802030059125325,2.2662233576749626,0.9232522705688775,1.4769232206854368,3.938166977320716,0.19987327124011212,0.18855228869708252,0.20516577406579206,0.19987327124011212,1449.6436173733334,1403.364352076667,1423.2830039600003,1449.6436173733334,1.7031451823666843,0.18855228869708252,0.20516577406579206,,COMPLETE
190,0.32503360394386566,2025-08-26 16:01:17,2025-08-26 16:43:48,0 days 00:42:31,66.03515524090876,-0.025524065856452213,8.43107533279314,-0.8223434883129053,2.2064684795399163,0.9169575522516837,1.4676163767141963,3.922302327095806,,,,,,,,,,0.32503360394386566,,,PRUNED
191,0.22122564341844078,2025-08-26 16:01:56,2025-08-26 18:37:09,0 days 02:35:13,54.24679221876711,-0.12553847389424577,8.442671754917466,-0.8223026203233438,1.5319659643169654,0.8971953293165303,1.6260007817049116,3.5625872374526386,0.22122564341844078,0.19970158257514017,0.1993910956159898,0.22122564341844078,3023.55438589,3014.2467780166667,3014.2467780166667,3023.55438589,2.7589995132035123,0.1993910956159898,,,COMPLETE
192,0.22175692458790852,2025-08-26 16:16:30,2025-08-26 18:56:06,0 days 02:39:36,39.28630130484812,-0.12795915094146115,13.988079570585409,-0.8315228427627542,2.1290191236733333,0.9006292835758486,1.7255707098844317,3.5625973926630734,0.22175692458790852,0.19381274307937188,0.20149575307957102,0.22175692458790852,2450.380425976667,2429.85336873,2429.85336873,2450.380425976667,2.2022653244626222,0.19381274307937188,0.20149575307957102,,COMPLETE
193,0.8714102453728022,2025-08-26 16:22:47,2025-08-26 17:56:49,0 days 01:34:02,24.89100822294758,-0.08761105980093714,14.141563221862429,-0.1570309291728954,1.373271372610477,0.9021521383225464,2.326876034296632,3.9331119329258186,,0.6957690596239235,,,,2191.274585413333,,,,0.8714102453728022,,,PRUNED
194,0.1930160816882133,2025-08-26 16:42:51,2025-08-26 19:19:47,0 days 02:36:56,25.229636355212655,-0.13603066022810892,13.484339561352282,-0.821421081181363,6.238268776628196,0.9828624871041175,1.2766795649039624,3.422439504973172,0.1930160816882133,0.2598325487482926,0.15195861367874952,0.1930160816882133,1586.1485349866664,1549.9149804099998,1557.75105695,1586.1485349866664,1.8325854500749366,0.2598325487482926,0.15195861367874952,,COMPLETE
195,0.226204898963541,2025-08-26 16:43:48,2025-08-26 19:19:36,0 days 02:35:48,25.448126548029606,-0.13017557382447886,13.81183730282244,-0.835125530892265,5.9507265356788785,0.9955920280525826,2.313519438715929,2.7964323590181133,0.226204898963541,0.20936889403196282,0.2503004000060924,0.226204898963541,1556.4000083433336,1543.1081571733332,1548.7170282799998,1556.4000083433336,2.3852070951478326,0.2503004000060924,,,COMPLETE
196,0.1863949860950793,2025-08-26 17:31:12,2025-08-26 19:55:44,0 days 02:24:32,24.36683514280898,-0.130357878682297,13.660616854598235,-0.8288648012689814,6.261417948449951,0.9008090835537768,2.2462335767590256,2.3448700939064206,0.1863949860950793,0.19407743570479308,0.12693620870814729,0.1863949860950793,1509.4493833833333,1509.4493833833333,1509.4493833833333,1509.4493833833333,2.2792352710872894,0.19407743570479308,0.12693620870814729,,COMPLETE
197,0.1833491213525492,2025-08-26 17:56:49,2025-08-26 20:45:31,0 days 02:48:42,22.239250193960192,-0.12753924655346455,12.304298504360656,-0.8388740981881787,6.186672586358981,0.989789070794422,2.798327672405346,3.4293895294517807,0.1833491213525492,0.2056635887792112,0.20632475849853174,0.1833491213525492,1311.11533101,1299.0465994366666,1304.0565183066667,1311.11533101,1.7329325868328382,0.20632475849853174,,,COMPLETE
198,0.20436523073313104,2025-08-26 18:37:09,2025-08-26 20:33:38,0 days 01:56:29,35.20993667826114,-0.1288272476298789,12.336527792332227,-0.8930014288235524,6.07905842765979,0.9909343515637644,2.254194903848498,3.4155328191516947,0.20436523073313104,0.25788471421222775,0.20283590683344585,0.20436523073313104,1546.9396555033334,1472.6253056099997,1533.1451825566667,1546.9396555033334,1.743125642367958,0.20283590683344585,,,COMPLETE
199,0.18130284452533496,2025-08-26 18:56:06,2025-08-26 21:44:03,0 days 02:47:57,28.366562206598132,-0.15515932671833002,11.705106589671999,-0.8476922274494822,4.942474486052661,0.9316144051789651,1.2794127366857522,2.6747059720749227,0.18130284452533496,0.21298584342232293,0.19212097063124867,0.18130284452533496,1489.8348032566664,1463.4248056433332,1463.4248056433332,1489.8348032566664,2.0478436282006105,0.21298584342232293,0.19212097063124867,,COMPLETE
200,0.25913697760399157,2025-08-26 19:19:47,2025-08-26 20:49:43,0 days 01:29:56,28.685929710318927,-0.09024544567982709,11.584872828584025,-0.892458800291077,4.966653566678881,0.9292375078445042,2.3578253675225875,3.396682503902081,,0.21444513183241956,,,,1391.25821854,,,,0.21444513183241956,0.25913697760399157,,PRUNED
201,0.14518960292113572,2025-08-26 19:19:36,2025-08-26 20:58:12,0 days 01:38:36,27.41534510726847,-0.08447189819880907,12.010441064232369,-0.8877530844791889,5.07055850185996,0.9358389237901167,1.2716244251131148,3.7422390328472503,0.14518960292113572,0.3212298621124284,0.24118511526232175,0.14518960292113572,1377.6577454299997,1361.2189587966668,1377.36792941,1377.6577454299997,1.990123592121642,0.24118511526232175,,,COMPLETE
202,0.23136431507875446,2025-08-26 19:55:44,2025-08-26 20:41:41,0 days 00:45:57,28.219974400800943,-0.09017123124909357,11.30387574504103,-0.8870047980405039,4.806116674542641,0.5858835463683142,2.7771915308640827,3.4267378927545282,,0.18702935968820497,,,,1377.3458800233332,,,,0.18702935968820497,0.23136431507875446,,PRUNED
203,0.23530373583359254,2025-08-26 20:33:38,2025-08-26 22:04:26,0 days 01:30:48,27.720381266735064,-0.059726018779159486,10.958471308645104,-0.8923331792831989,4.818639820941698,0.8638425699097889,1.8826958201549204,3.7190194490176967,0.23530373583359254,0.19630459777602952,0.19821324673435262,0.23530373583359254,1427.0269627966666,1410.3118469199999,1422.8243978399998,1427.0269627966666,1.9607436588753149,0.19821324673435262,,,COMPLETE
204,1.2466916748912686,2025-08-26 20:41:41,2025-08-26 21:06:09,0 days 00:24:28,21.424111423935443,-0.1611729879193865,0.06019101271848193,-0.8904158436410519,4.197940754430562,0.9442597408533507,1.266916225327633,2.6597718504459658,,,,,,,,,,1.2466916748912686,,,PRUNED
205,0.12548844813866347,2025-08-26 20:45:31,2025-08-26 23:23:42,0 days 02:38:11,28.83499916539675,-0.15940790345364608,5.290008263722489,-0.8918873826926125,0.5718673081671144,0.9367596960092525,1.2766631039641951,3.721650217865399,0.12548844813866347,0.21384539482955903,0.18704779320709083,0.12548844813866347,1098.2968497133334,1054.8114252100002,1063.8582997166668,1098.2968497133334,1.8790189591254656,0.18704779320709083,,,COMPLETE
206,0.1530715877068826,2025-08-26 20:49:43,2025-08-26 23:32:27,0 days 02:42:44,34.483804322899836,-0.057569592797655916,4.793139566808667,-0.9693685834921351,0.6099622836355512,0.7638033357259119,1.2760817086768639,3.630080920287768,0.1530715877068826,0.19239925039161718,0.15842515960467574,0.1530715877068826,1341.2536476266666,1295.5620403299997,1318.9814222266666,1341.2536476266666,1.4172984782206852,0.19239925039161718,0.15842515960467574,,COMPLETE
207,0.1520361377736341,2025-08-26 20:58:12,2025-08-26 22:28:44,0 days 01:30:32,34.63094322571241,-0.059581450257033874,7.912646221944757,-0.9062665256106057,3.9335525504732765,0.9415916310945179,1.2611616038743136,2.4098961051374586,0.1520361377736341,0.35983403061247143,0.22539637693220105,0.1520361377736341,1648.5111165533333,1551.5210646833336,1558.15551899,1648.5111165533333,1.4493168643205785,0.22539637693220105,,,COMPLETE
208,0.24046051892104278,2025-08-26 21:06:09,2025-08-26 22:38:54,0 days 01:32:45,31.666037378170355,-0.05271449211060288,4.953629129633433,-0.8518015786478272,3.817086465375442,0.8476902079692517,1.1622735957100232,3.7443472465513548,0.24046051892104278,0.35885145579889605,0.25263924846632946,0.24046051892104278,1690.4982973833332,1587.6126258933334,1638.0493158600002,1690.4982973833332,2.3768063837124505,0.25263924846632946,,,COMPLETE
209,0.3447475737755381,2025-08-26 21:44:03,2025-08-26 22:23:46,0 days 00:39:43,34.44575766261631,-0.061607250116824566,4.9302488848624035,-0.9133893756934215,3.6768149132908547,0.7670373787436333,1.1680259725992943,3.7658196682014866,,,,,,,,,,0.3447475737755381,,,PRUNED
210,0.22410057524741545,2025-08-26 22:04:26,2025-08-26 22:50:19,0 days 00:45:53,32.724854489751415,-0.05989567650639743,17.420169665045,-0.9139059788407679,3.992640592317399,0.7708527699436372,1.1683690495622967,2.310125859248722,,0.1860063708905533,,,,1405.1712810633333,,,,0.1860063708905533,0.22410057524741545,,PRUNED
211,0.2172100088582852,2025-08-26 22:23:46,2025-08-27 01:01:42,0 days 02:37:56,32.16895692332529,-0.04520806125771808,17.00732673045783,-0.9359378842165607,0.5572829650438514,0.9554325351892882,1.2863044972824242,2.4032659214121366,0.2172100088582852,0.22887635103041074,0.14392728622998674,0.2172100088582852,1328.0903273666665,780.3652221466667,1210.254448486667,1328.0903273666665,1.5232397722022961,0.14392728622998674,,,COMPLETE
212,0.7955544878219105,2025-08-26 22:28:44,2025-08-26 22:53:36,0 days 00:24:52,31.54363780407159,-0.09255967480103348,17.066057548834628,-0.25403804887418385,12.573760478481535,0.9521693489033244,1.2991467269966972,2.439656037000007,,,,,,,,,,0.7955544878219105,,,PRUNED
213,0.17255039331800814,2025-08-26 22:38:54,2025-08-27 00:12:13,0 days 01:33:19,32.494185510156164,-0.08810448350049398,2.6394796053034657,-0.913897834072641,5.4233650176773525,0.5247341345239136,2.4128901384798973,2.3927817585379723,0.17255039331800814,0.24005105018436454,0.25040033834808634,0.17255039331800814,1359.92826034,1238.9267749533335,1325.2700100833335,1359.92826034,1.9407276934646491,0.25040033834808634,,,COMPLETE
214,0.3477265490213271,2025-08-26 22:50:19,2025-08-26 23:37:45,0 days 00:47:26,35.44824757506963,-0.09354068007884143,7.679376975194202,-0.8813958954464748,12.673426090838838,0.9367916599317918,2.3965673052720304,2.326583346821844,,0.2499729036374719,,,,1768.2247133,,,,0.2499729036374719,0.3477265490213271,,PRUNED
215,0.1804798867955684,2025-08-26 22:53:36,2025-08-27 00:25:59,0 days 01:32:23,34.60266707451617,-0.08727836109009296,2.74283737883408,-0.939848635828557,5.356874045101978,0.9338737522324428,1.4265086990020455,2.388703363563905,0.1804798867955684,0.19168294912720532,0.16071724692593484,0.1804798867955684,1401.1960614833333,1376.34198898,1388.2244388833333,1401.1960614833333,1.4970669652213742,0.16071724692593484,,,COMPLETE
216,0.2844791468365045,2025-08-26 23:23:42,2025-08-27 00:03:16,0 days 00:39:34,34.571027010394666,-0.20972450397104592,2.5826764029701352,-0.8846897019438376,2.7558607368514445,0.9246984601395393,1.435559733164829,3.628933963643437,,,,,,,,,,0.2844791468365045,,,PRUNED
217,0.20507997170347783,2025-08-26 23:32:27,2025-08-27 02:10:23,0 days 02:37:56,29.72768812274558,-0.20245842205811826,7.974747806549024,-0.9355652872158849,2.549956013148513,0.9322892468695264,3.173814612658085,3.6304911014385848,0.20507997170347783,0.19370194437536548,0.232467130749191,0.20507997170347783,782.7921600566666,768.8706283833332,782.7921600566666,782.7921600566666,3.0948200309034846,0.232467130749191,,,COMPLETE
218,0.2980469078419821,2025-08-26 23:37:45,2025-08-27 01:09:40,0 days 01:31:55,33.02351567674814,-0.1977381352001566,2.5787571625890786,-0.9392952523059706,0.5309524281312644,0.7975532102564191,1.425852051475656,3.656991516438432,0.2980469078419821,0.1770469085157356,0.14925681380212327,0.2980469078419821,965.9592264966667,923.3365491133333,940.9145993933333,965.9592264966667,1.7443487134754445,0.14925681380212327,,,COMPLETE
219,0.9413557462110452,2025-08-27 00:03:16,2025-08-27 00:50:27,0 days 00:47:11,26.901495248068574,-0.1539441004357947,3.2323382410803205,-0.9127190329260678,0.24355429100840542,0.9623813970013851,1.5224056169552276,3.270168874465629,,,,,,,,,,0.9413557462110452,,,PRUNED
220,0.1752576058308192,2025-08-27 00:12:13,2025-08-27 01:43:58,0 days 01:31:45,29.237340244402517,-0.20012080774835617,8.245450715727111,-0.9308005480897611,0.7427241399920461,0.9633159261174591,3.1752562107983335,2.5545429579436854,0.1752576058308192,0.15293820155087978,0.13349145251324182,0.1752576058308192,779.6093197033332,740.9474758100001,766.4321486100001,779.6093197033332,1.7077243110264888,0.13349145251324182,,,COMPLETE
221,0.31520073505411045,2025-08-27 00:25:59,2025-08-27 01:56:52,0 days 01:30:53,29.589354508397548,-0.11100135891542058,7.512431448552667,-0.9406249122033397,0.5638982009217806,0.7953722936932418,2.6254268146884394,3.2367857055820415,0.31520073505411045,0.125816362846598,0.19218346042154502,0.31520073505411045,1064.2625051333334,1039.5505729366666,1050.2504994966666,1064.2625051333334,2.138680707540208,0.125816362846598,0.19218346042154502,,COMPLETE
222,0.1659743674244949,2025-08-27 00:50:27,2025-08-27 03:25:35,0 days 02:35:08,30.18254538421448,-0.10957003179840571,7.1481362749546715,-0.942551447984117,0.031941923170124564,0.9722399802814272,2.5762176775107566,3.5148693242082567,0.1659743674244949,0.19988087123897813,0.13613486400260102,0.1659743674244949,1098.1335106866666,1005.6134249,1076.75590698,1098.1335106866666,1.7515804103841977,0.13613486400260102,,,COMPLETE
223,0.24793290891992759,2025-08-27 01:01:42,2025-08-27 02:19:11,0 days 01:17:29,30.012763574743506,-0.20038512466603747,8.038378151404135,-0.8555591380163263,0.7185014156754779,0.8005765217477648,2.6222007877611264,2.541752586777413,,0.120013298154288,,,,1204.81117105,,,,0.120013298154288,0.24793290891992759,,PRUNED
224,0.12956304260397022,2025-08-27 01:09:40,2025-08-27 02:41:13,0 days 01:31:33,29.546816350975494,-0.16373645074894724,7.795611993771327,-0.8528153574529689,0.03720317121695915,0.7568624168945672,1.3265943062840662,3.53482837141862,0.12956304260397022,0.2395743491089003,0.21395800235689214,0.12956304260397022,1375.0993456699998,1316.3797153866665,1322.5126578833333,1375.0993456699998,1.8464953843680305,0.21395800235689214,,,COMPLETE
225,0.2358672755085316,2025-08-27 01:43:58,2025-08-27 03:15:28,0 days 01:31:30,30.015365805435238,-0.10825650353585592,5.417500197781909,-0.8532335730093166,2.6364989199185236,0.7624491257186684,1.3385047040174307,2.2451002967203246,0.2358672755085316,0.18347621503893521,0.17175729862170122,0.2358672755085316,1434.5276996066666,1411.3242411599997,1429.6634306899998,1434.5276996066666,2.460450947073595,0.18347621503893521,0.17175729862170122,,COMPLETE
226,0.4394774312568907,2025-08-27 01:56:52,2025-08-27 02:46:04,0 days 00:49:12,30.460888935895202,-0.06792543631129629,6.1307643883560825,-0.8619802591886765,2.6189578395665545,0.7585862931329795,1.07509914395086,3.5272607414154913,,0.4337824745520475,,,,1400.1890907766665,,,,0.4394774312568907,,,PRUNED
