number,value,datetime_start,datetime_complete,duration,params_A,params_B,params_C,params_D,params_Vmax,params_a_ub,params_h1,params_h2,user_attrs_IAE,user_attrs_IAE_0,user_attrs_IAE_1,user_attrs_IAE_2,user_attrs_best_mean_reward,user_attrs_best_mean_reward_0,user_attrs_best_mean_reward_1,user_attrs_best_mean_reward_2,user_attrs_sumA,system_attrs_completed_rung_0,system_attrs_completed_rung_1,system_attrs_fixed_params,state
400,0.24455688997323563,2025-08-29 17:34:57,2025-08-29 20:16:04,0 days 02:41:07,39.77709655474293,-0.1325186958453229,5.323404784747362,-0.922345297643079,2.913584823206227,0.7479895148781731,1.0241740730530025,3.19074727263234,0.24455688997323563,0.3592397132337711,0.19101672150482493,0.24455688997323563,1445.7729455866665,1366.3895658000001,1406.6571621399999,1445.7729455866665,1.8065830808062355,0.19101672150482493,,,COMPLETE
401,0.19632823180409512,2025-08-29 18:20:38,2025-08-29 20:55:57,0 days 02:35:19,40.147228679791525,-0.12940480859338643,5.08535577182808,-0.9244792951870621,3.173286045209834,0.9601001392420518,4.099016641152716,2.398695917939847,0.19632823180409512,0.23090735012319955,0.16905309187124204,0.19632823180409512,1479.2713307166666,1477.5597831466666,1477.5597831466666,1479.2713307166666,1.6980435215828653,0.23090735012319955,0.16905309187124204,,COMPLETE
402,0.19616958248843988,2025-08-29 18:41:26,2025-08-29 21:16:45,0 days 02:35:19,37.23149281762066,-0.1295111301517878,4.6203387943144705,-0.9197920248711533,3.0955710419306617,0.961909374964847,4.091437632699507,2.5540403730396717,0.19616958248843988,0.19210939625354628,0.17263250040228043,0.19616958248843988,1379.50283298,1346.0485877666667,1353.4450058599998,1379.50283298,1.7482232984542463,0.17263250040228043,,,COMPLETE
403,1.7450160282106537,2025-08-29 18:47:30,2025-08-29 19:34:32,0 days 00:47:02,40.321435832492085,-0.876092440344686,79.54051261035563,-0.8659694585759636,3.110309439291341,0.9589845233167591,1.18457732971367,3.1920612458557573,,,,,,,,,,1.7450160282106537,,,PRUNED
404,0.14184852975325854,2025-08-29 18:50:51,2025-08-29 21:44:35,0 days 02:53:44,37.31229656231514,-0.08283320250821474,79.061707681429,-0.8690328765277228,3.3760199932807646,0.7973289807819373,2.3153176749662157,3.1839334999043243,0.14184852975325854,0.2815578487083121,0.18243050701803773,0.14184852975325854,2513.053923626667,1848.03780445,2513.053923626667,2513.053923626667,1.7086702262275988,0.18243050701803773,,,COMPLETE
405,0.4459519193533757,2025-08-29 18:54:25,2025-08-29 19:37:16,0 days 00:42:51,51.73099901530622,-0.08314995384873794,4.437046722154587,-0.8648518996192711,3.3513669312410626,0.9392376481793707,2.2964868389926516,3.2341085654919524,,,,,,,,,,0.4459519193533757,,,PRUNED
406,2.1930925326857182,2025-08-29 19:34:32,2025-08-29 21:09:13,0 days 01:34:41,97.47232937391074,-0.7438529551646726,5.307367015625156,-0.8902505862679151,0.031162216406712906,0.938404801388539,4.2213425747961795,3.4820034692275694,,2.3040025695626825,,,,-2154.74885505,,,,2.1930925326857182,,,PRUNED
407,0.4066936226368723,2025-08-29 19:37:16,2025-08-29 20:26:27,0 days 00:49:11,48.34401161524697,-0.7440962656854471,10.182021754056244,-0.17571030550166322,0.40275481291736415,0.8949666661210227,2.4141421285774856,3.477913894722197,,,,,,,,,,0.4066936226368723,,,PRUNED
408,0.15484916047841718,2025-08-29 20:16:04,2025-08-29 23:19:09,0 days 03:03:05,27.39159002584015,-0.1549648962858739,10.963352687691788,-0.8939679940990616,0.4550756613735638,0.8933920083887754,2.3620306336457353,3.493674559709843,0.15484916047841718,0.20374148895493252,0.1410446103163296,0.15484916047841718,1119.69621129,1040.4909169300001,1119.69621129,1119.69621129,1.2587127635682755,0.20374148895493252,0.1410446103163296,,COMPLETE
409,0.15487125395543855,2025-08-29 20:26:27,2025-08-29 23:30:34,0 days 03:04:07,27.0890301127712,-0.15338459740732194,11.65835154997697,-0.8918953358976092,0.04236533365218964,0.9305116089906286,2.437738005196414,3.3478015386101485,0.15487125395543855,0.21001524480469694,0.17243953430727668,0.15487125395543855,1125.1719713033333,1026.5294290666668,1106.3058046533333,1125.1719713033333,1.8687471646239437,0.17243953430727668,,,COMPLETE
410,0.6650621633789563,2025-08-29 20:55:57,2025-08-29 22:16:41,0 days 01:20:44,26.115234798212104,-0.10052520093512032,10.750797475192787,-0.4822002491116848,25.75780935747551,0.9304096970292755,2.332155697831348,3.3403440364578234,,1.2442168366042503,,,,2334.6111559566666,,,,0.6650621633789563,,,PRUNED
411,1.6318933338312878,2025-08-29 21:09:13,2025-08-29 21:58:16,0 days 00:49:03,26.47511516664392,-0.7872255041835787,11.31701398053392,-0.8949689346492823,0.480168608938784,0.9186330561736742,2.3572981685482626,3.3380685939440435,,,,,,,,,,1.6318933338312878,,,PRUNED
412,0.13171638450005055,2025-08-29 21:16:46,2025-08-29 23:51:58,0 days 02:35:12,25.785513038388235,-0.10034753924641876,11.402088318106431,-0.79382461682382,0.5288114792825934,0.9288030936718046,2.3873646402961235,3.32775254607684,0.13171638450005055,0.1914074911428372,0.20866896014884243,0.13171638450005055,1754.5694460366667,1751.7577145100001,1753.4813689433333,1754.5694460366667,2.0907622304800246,0.20866896014884243,,,COMPLETE
413,0.1963980567329755,2025-08-29 21:44:35,2025-08-29 23:14:56,0 days 01:30:21,37.27388903337849,-0.07795647351918836,82.73712607865932,-0.892981085956954,2.452528667819271,0.7610124955858194,2.224641836178446,3.345407123191997,,0.24075093887282892,,,,1921.498298063333,,,,0.24075093887282892,0.1963980567329755,,PRUNED
414,0.15728680561626943,2025-08-29 21:58:17,2025-08-30 00:33:19,0 days 02:35:02,35.10632926188011,-0.08900838062110755,15.15504238947638,-0.880973538341109,2.473385585428943,0.7928475635849956,2.2425720418139923,3.3924616846000224,0.15728680561626943,0.21475371957333442,0.16749849978585854,0.15728680561626943,1937.1683823700002,1751.960425566667,1882.987839246667,1937.1683823700002,1.5775663255058554,0.16749849978585854,,,COMPLETE
415,0.27506252579139984,2025-08-29 22:16:41,2025-08-29 22:56:47,0 days 00:40:06,34.540497963621505,-0.08088871490388315,30.735502478111158,-0.6735550879362737,11.797813904929919,0.7949331360876402,2.195494418288276,3.407610630685369,,,,,,,,,,0.27506252579139984,,,PRUNED
416,0.418817976082642,2025-08-29 22:56:47,2025-08-30 00:15:32,0 days 01:18:45,36.570499311045126,-0.06256193612623565,53.57997962294904,-0.8813705166846909,2.419105981898856,0.7949747579920887,2.325425496614825,3.5495291543745924,,0.20272009534564953,,,,1826.8149199466664,,,,0.418817976082642,,,PRUNED
417,0.23531327806412317,2025-08-29 23:14:56,2025-08-30 01:52:12,0 days 02:37:16,30.659153434216933,-0.10262419791137228,84.59205424535521,-0.8647178734479453,0.711860090990318,0.984429502241462,2.3276830237024546,3.5307771995253505,0.23531327806412317,0.23497013029521382,0.19342166627392188,0.23531327806412317,2158.3181764800006,1697.5584645466668,2139.664946336667,2158.3181764800006,2.0203632288485593,0.23497013029521382,0.19342166627392188,,COMPLETE
418,0.1988840858010482,2025-08-29 23:19:09,2025-08-30 02:07:25,0 days 02:48:16,30.3680965068542,-0.10473516140213701,62.336286935263914,-0.8676010632628359,3.7542097163286057,0.7984773547805768,2.31514101980909,3.6221095313206058,0.1988840858010482,0.22233921297265682,0.17988454330779416,0.1988840858010482,2058.0008825666664,1950.7662796933334,2058.0008825666664,2058.0008825666664,1.5050187218557791,0.22233921297265682,0.17988454330779416,,COMPLETE
419,0.19343804480567475,2025-08-29 23:30:34,2025-08-30 02:11:46,0 days 02:41:12,31.488816734302095,-0.06056144088912634,14.541812140479125,-0.8675982746829655,2.56323875990545,0.9864715466564752,2.243529321562397,3.598927427646592,0.19343804480567475,0.17430698576586137,0.1671463623931989,0.19343804480567475,1904.05901111,1887.2171903833332,1897.8881098966665,1904.05901111,1.2556083297306453,0.1671463623931989,,,COMPLETE
420,0.21978895154617173,2025-08-29 23:51:58,2025-08-30 02:26:24,0 days 02:34:26,18.138259232186584,-0.097780256565645,13.891208209426026,-0.8253544325017986,0.8159787131106285,0.9858329546951383,2.271709840706256,3.2665560586267914,0.21978895154617173,0.15236240331214781,0.19063094118893234,0.21978895154617173,1199.7671062133334,1182.44516278,1184.2876198533334,1199.7671062133334,1.6709138381192161,0.15236240331214781,0.19063094118893234,,COMPLETE
421,0.20340102344368036,2025-08-30 00:15:32,2025-08-30 02:51:15,0 days 02:35:43,30.61834252485393,-0.09905654895738206,99.92524914626239,-0.8265078681015555,0.834816565182613,0.9158818139828019,2.461954325456738,3.609901439386199,0.20340102344368036,0.1821959404506904,0.20826325359160314,0.20340102344368036,2404.124964223334,2404.124964223334,2404.124964223334,2404.124964223334,1.8814412922280528,0.20826325359160314,,,COMPLETE
422,0.3231228043223428,2025-08-30 00:33:19,2025-08-30 01:13:07,0 days 00:39:48,30.404197931661088,-0.10037672466468019,17.820897844528453,-0.8266911166341523,0.7457022044122772,0.9021262806062383,2.436747845674895,3.2536828538806275,,,,,,,,,,0.3231228043223428,,,PRUNED
423,0.20019365094626487,2025-08-30 01:13:07,2025-08-30 03:49:14,0 days 02:36:07,30.28765684302926,-0.10766533523365225,14.179356813550868,-0.8633448342940114,0.8947376042273383,0.9868923243895483,2.2883878258515105,3.5969482312463468,0.20019365094626487,0.22721816972990258,0.16851971465840154,0.20019365094626487,1739.4931459533334,1637.9211239533333,1677.63131607,1739.4931459533334,1.787246221476355,0.16851971465840154,,,COMPLETE
424,0.21206200799432695,2025-08-30 01:52:12,2025-08-30 03:04:28,0 days 01:12:16,28.20929792132988,-0.05329973010517454,14.197726890650788,-0.8278404569464539,1.4134960417136373,0.911654410526702,1.910920468897084,3.0629780584042368,,0.17387397203114177,,,,2027.9234483266664,,,,0.17387397203114177,0.21206200799432695,,PRUNED
425,0.121636386042891,2025-08-30 02:07:25,2025-08-30 04:39:30,0 days 02:32:05,29.060389514454616,-0.062180972365140974,14.246627644101107,-0.8309725121163695,1.4292515744714729,0.915088246721532,2.507643115571013,3.0466332130011873,0.121636386042891,0.26349318310370656,0.1297766913079791,0.121636386042891,2023.9140556866666,2001.9250650533334,2001.9250650533334,2023.9140556866666,1.4923109358502187,0.1297766913079791,,,COMPLETE
426,0.2519670672229852,2025-08-30 02:11:46,2025-08-30 03:28:47,0 days 01:17:01,25.119936504230346,-0.07608295902173573,72.31476120910209,-0.798542482779988,1.3592990217063847,0.9092913038049552,2.1331594293298233,3.080936965117787,,0.23320655607244753,,,,2109.6006407566665,,,,0.23320655607244753,0.2519670672229852,,PRUNED
427,0.149364406213817,2025-08-30 02:26:24,2025-08-30 05:01:40,0 days 02:35:16,23.379574868082855,-0.06414744676079012,9.127770569649611,-0.8044621487872613,0.007392687649060932,0.9413648521710539,2.3987975370793264,3.116638916648956,0.149364406213817,0.22532461252733862,0.1573118774473282,0.149364406213817,1581.9664976866668,1523.6758044066664,1539.4749573033332,1581.9664976866668,1.0325508325282773,0.1573118774473282,,,COMPLETE
428,0.19790901141400344,2025-08-30 02:51:15,2025-08-30 05:26:30,0 days 02:35:15,24.870389703502955,-0.076978002953076,16.023079468283782,-0.8494499631266614,1.5075311322709888,0.9441501202788972,1.8650363663310843,2.934546957218301,0.19790901141400344,0.2220045271128196,0.17929283579811797,0.19790901141400344,1634.7165055466667,1578.9726632966667,1593.2963686699998,1634.7165055466667,1.3770365114302072,0.17929283579811797,,,COMPLETE
429,0.8962706866462327,2025-08-30 03:04:28,2025-08-30 03:41:42,0 days 00:37:14,25.253289269352038,-0.07424473714434973,88.3042164322509,-0.8636157173638934,1.313573190904248,0.950828954693008,2.581484905677324,3.1509230674907367,,,,,,,,,,0.8962706866462327,,,PRUNED
430,0.2730120750373952,2025-08-30 03:28:47,2025-08-30 04:45:55,0 days 01:17:08,23.5586875561317,-0.11519637179375941,9.618730474043762,-0.8453598282424861,0.1360102019229731,0.949733280306208,2.5860120957700987,1.9965075118914708,,0.19468146929792954,,,,1238.53736698,,,,0.19468146929792954,0.2730120750373952,,PRUNED
431,0.24548962668262322,2025-08-30 03:41:42,2025-08-30 06:04:30,0 days 02:22:48,28.677831914511085,-0.11066352259522083,8.975228482436261,-0.8420941202053281,0.3491078848348006,0.8382884381359924,2.517961569008621,3.4611253228775096,0.24548962668262322,0.12173657415351118,0.20162019696542335,0.24548962668262322,1594.9361581599999,1548.979849236667,1564.8587809233334,1594.9361581599999,2.476325137390124,0.20162019696542335,,,COMPLETE
432,0.1648059291097416,2025-08-30 03:49:14,2025-08-30 06:23:28,0 days 02:34:14,28.214921757963882,-0.11752177239530665,8.605658691611678,-0.8438365323536074,1.779661300859453,0.9413663282008664,2.50519656281262,2.9587819651927343,0.1648059291097416,0.14195670138238928,0.1711289935679141,0.1648059291097416,1500.0502483733333,1469.6654266100002,1486.3015245666666,1500.0502483733333,1.6664943926595066,0.14195670138238928,0.1711289935679141,,COMPLETE
433,0.20926928923565055,2025-08-30 04:39:30,2025-08-30 07:12:22,0 days 02:32:52,28.21045857121351,-0.053360136609144876,15.83580276921451,-0.7773030197107595,0.06159702135629175,0.9393680851413209,2.516762640230623,2.0015174804847446,0.20926928923565055,0.1746468517065961,0.16634777625026134,0.20926928923565055,2313.287457053333,2289.9851302899997,2289.9851302899997,2313.287457053333,1.2629972622271317,0.16634777625026134,,,COMPLETE
434,0.24765503580607093,2025-08-30 04:45:55,2025-08-30 06:04:17,0 days 01:18:22,27.60266462491873,-0.04701317995925228,16.377369729179037,-0.8086822254234529,1.7468612880804484,0.9361195682513532,2.4634204890888993,2.913509730616278,,0.22059220230006008,,,,2079.91761919,,,,0.22059220230006008,0.24765503580607093,,PRUNED
435,0.15315143870055464,2025-08-30 05:01:40,2025-08-30 07:36:40,0 days 02:35:00,27.68672802546518,-0.027992510165659026,16.781819343226775,-0.7817508592986754,1.5000794106865443,0.9648880048646773,2.5217869493963314,2.9499449879109507,0.15315143870055464,0.22193842721320864,0.2094266268710283,0.15315143870055464,2317.4690758733336,2310.48389228,2310.48389228,2317.4690758733336,1.1975780593372833,0.2094266268710283,,,COMPLETE
436,0.3527850638189675,2025-08-30 05:26:30,2025-08-30 06:08:10,0 days 00:41:40,27.404077133289046,-0.03545929637302535,18.109642371722323,-0.7690887293751201,1.6478369926880512,0.8958169686467039,2.519312655536872,2.926929028304509,,,,,,,,,,0.3527850638189675,,,PRUNED
437,0.2604480239148818,2025-08-30 06:04:17,2025-08-30 07:29:06,0 days 01:24:49,27.921856488744034,-0.024283135295590036,12.609009857245848,-0.770811085131444,0.6021754165931036,0.9648862499108717,2.527085420394648,2.811630328379059,,0.31232209860032734,,,,2001.7468753966666,,,,0.2604480239148818,,,PRUNED
438,0.13513513308921254,2025-08-30 06:04:30,2025-08-30 08:27:37,0 days 02:23:07,27.83433469342932,-0.1400127335442689,13.449985740172414,-0.7865480482147054,1.9021368490503088,0.9587417015776455,2.7461235099873744,2.5646748501698298,0.13513513308921254,0.13189272313459546,0.1528875758131865,0.13513513308921254,1908.8211542533334,1902.9900114233335,1903.0285497833338,1908.8211542533334,1.696170381604075,0.1528875758131865,,,COMPLETE
439,0.2567844719187533,2025-08-30 06:08:10,2025-08-30 06:49:29,0 days 00:41:19,28.224527741789554,-0.14747386798260564,12.131837665620106,-0.627054256327725,1.0307786327838442,0.9607389063290899,2.7280076164137355,2.6601985526976244,,,,,,,,,,0.2567844719187533,,,PRUNED
440,0.1634623304070031,2025-08-30 06:23:28,2025-08-30 08:59:39,0 days 02:36:11,32.95397806726138,-0.14221261278092612,11.483629577625328,-0.7918169370717038,0.7597368838811045,0.9635905364976542,2.6649664959380237,2.579567492346641,0.1634623304070031,0.2863184031389265,0.14980049848918378,0.1634623304070031,2138.648770326667,2099.528019543333,2099.729303726667,2138.648770326667,1.748336557391364,0.14980049848918378,,,COMPLETE
441,0.25979693367388923,2025-08-30 06:49:29,2025-08-30 07:28:49,0 days 00:39:20,32.78109427547776,-0.140199227713373,11.517752365566443,-0.7971345975718184,0.0008892850488335657,0.9706065666042123,1.2435795464367683,2.597808507581992,,,,,,,,,,0.25979693367388923,,,PRUNED
442,0.1650895942970596,2025-08-30 07:12:22,2025-08-30 09:44:50,0 days 02:32:28,33.73716217302633,-0.13473401122478074,12.148925290132318,-0.8227710402120697,0.6434247297144746,0.883536308656525,1.161374664422416,2.5549216958736762,0.1650895942970596,0.36664678918234306,0.1510341581956601,0.1650895942970596,2039.336914876667,1983.9343360133334,1992.433740766667,2039.336914876667,1.6878692520764986,0.1510341581956601,,,COMPLETE
443,0.19151936403326722,2025-08-30 07:29:06,2025-08-30 10:00:26,0 days 02:31:20,33.954275043603786,-0.14024303098542823,12.510439628193252,-0.8181512812833176,2.0947558132862976,0.8795749084240005,1.1120338773686473,2.5841313058564497,0.19151936403326722,0.23262407359789838,0.15015047029629788,0.19151936403326722,2061.907926303333,1990.4930499833333,2041.3227966033335,2061.907926303333,2.1921460173371465,0.23262407359789838,0.15015047029629788,,COMPLETE
444,0.49981940706868744,2025-08-30 07:28:49,2025-08-30 08:57:06,0 days 01:28:17,34.32911619190186,-0.17405424417357127,11.886560506683699,-0.4202395489464081,1.0262761418027335,0.8813654669030528,1.096035776827279,2.43474523070359,,0.4415670563668348,,,,2364.3617383466667,,,,0.49981940706868744,,,PRUNED
445,0.16660098912060037,2025-08-30 07:36:40,2025-08-30 10:11:32,0 days 02:34:52,31.156954273473048,-0.1255492420678855,12.775899883984595,-0.8245628268795963,0.9784092083349931,0.9095399505962292,2.6440847773999634,3.4334248464025166,0.16660098912060037,0.13473570186729095,0.1538658012045136,0.16660098912060037,1944.3230008466664,1907.7496185833334,1922.4232280899998,1944.3230008466664,1.2252744188723164,0.13473570186729095,0.1538658012045136,,COMPLETE
446,0.1368560189624287,2025-08-30 08:27:37,2025-08-30 10:49:49,0 days 02:22:12,30.318713647451972,-0.16775853317129755,7.4095714787467974,-0.819804639915019,0.8898893735545179,0.9199688311882718,3.078064449135982,2.5396525772345298,0.1368560189624287,0.17807008831490534,0.18322591484930986,0.1368560189624287,1524.8495031533332,1506.0752061433332,1506.0752061433332,1524.8495031533332,1.3186626790798932,0.18322591484930986,,,COMPLETE
447,0.11284900701832107,2025-08-30 08:57:06,2025-08-30 11:33:32,0 days 02:36:26,30.245834114971924,-0.1616118690805545,7.982170523221094,-0.7147919284522148,2.2318747600975533,0.9167300268059123,2.7941929908514247,2.51753398296323,0.11284900701832107,0.2332463179260753,0.18275302242926642,0.11284900701832107,2015.2540533033334,1981.3273119833336,1986.7760923500002,2015.2540533033334,2.406423017476318,0.2332463179260753,0.18275302242926642,,COMPLETE
448,0.4934338654698757,2025-08-30 08:59:39,2025-08-30 09:41:20,0 days 00:41:41,29.36330980552331,-0.08813957200323563,7.641990421100553,-0.7226635034639838,2.106780159571482,0.9230140339994632,2.7983408890864627,2.389723047434313,,,,,,,,,,0.4934338654698757,,,PRUNED
449,0.3574277653449915,2025-08-30 09:41:20,2025-08-30 11:07:34,0 days 01:26:14,30.44915020203232,-0.1651284357620286,14.29315625164608,-0.8295781230485201,16.8884287304821,0.9217120873797445,3.1004396032434594,2.5158846972354136,,0.39367425700228714,,,,1453.318930056667,,,,0.3574277653449915,,,PRUNED
450,0.21966356940914142,2025-08-30 09:44:50,2025-08-30 12:16:48,0 days 02:31:58,25.44958632653964,-0.17240662456861755,14.56871724030424,-0.8109911688500846,7.942532216879332,0.9966193254957195,2.8557196465811705,2.67921631805718,0.21966356940914142,0.1991450933988322,0.2050737500142378,0.21966356940914142,1646.529675,1636.84674791,1646.529675,1646.529675,1.8998552846729801,0.2050737500142378,,,COMPLETE
451,0.2232213330344751,2025-08-30 10:00:26,2025-08-30 11:17:14,0 days 01:16:48,30.29685280007005,-0.15625125965715925,14.353298394074585,-0.8358031193142741,1.2246107593571287,0.9982011654039685,2.8810441745157886,2.700019288923544,,0.1648934280428264,,,,1689.5514808366668,,,,0.1648934280428264,0.2232213330344751,,PRUNED
452,0.2853516243809711,2025-08-30 10:11:32,2025-08-30 11:31:25,0 days 01:19:53,23.201496457601067,-0.18163368023801327,9.569114236887124,-0.5826493713007438,1.2422402390275329,0.9973982448276932,3.0900452505832243,2.676390441954783,,0.24164079079423761,,,,1753.36895406,,,,0.2853516243809711,,,PRUNED
453,0.2475225133395973,2025-08-30 10:49:49,2025-08-30 13:12:21,0 days 02:22:32,26.30591419730731,-0.2345047478578467,7.613868474828453,-0.7893683805858238,0.5096720824182492,0.9135618660696869,2.863085976271998,2.6878273951234446,0.2475225133395973,0.15734390635513149,0.17384424842376003,0.2475225133395973,1265.2005237333333,1258.1085740866665,1264.0112411566668,1265.2005237333333,2.2758356440743053,0.15734390635513149,0.17384424842376003,,COMPLETE
454,0.14504188456136377,2025-08-30 11:07:34,2025-08-30 13:42:47,0 days 02:35:13,25.345187915509428,-0.24559912405328926,7.195446725450841,-0.79432562007603,0.5153802325291583,0.9982938538525674,2.9191557794588454,2.7778040016242507,0.14504188456136377,0.22330196167043523,0.17309617300597804,0.14504188456136377,1165.9536260933335,1144.5220052266666,1146.7693301733334,1165.9536260933335,2.014414098632616,0.17309617300597804,,,COMPLETE
455,0.2362054920583315,2025-08-30 11:17:14,2025-08-30 12:34:13,0 days 01:16:59,77.94384078380152,-0.24356251503879037,8.585781188170948,-0.7989877541872721,0.5485238475054147,0.9196743434041121,2.866017308667935,3.031039218881051,,0.18683698425294912,,,,3613.867784876667,,,,0.18683698425294912,0.2362054920583315,,PRUNED
456,0.15716332486652515,2025-08-30 11:31:25,2025-08-30 14:06:04,0 days 02:34:39,25.73252705216974,-0.17928701633618493,7.071279642358723,-0.806653399554108,0.5028823990801076,0.920580637101322,1.2531477582637867,2.254176463415997,0.15716332486652515,0.14270193442502332,0.150166035591177,0.15716332486652515,1316.8565636133333,1289.6934350066667,1300.4930748666668,1316.8565636133333,1.546035787645802,0.150166035591177,,,COMPLETE
