number,value,datetime_start,datetime_complete,duration,params_A,params_B,params_C,params_D,params_Vmax,params_a_ub,params_h1,params_h2,user_attrs_IAE,user_attrs_IAE_0,user_attrs_IAE_1,user_attrs_IAE_2,user_attrs_best_mean_reward,user_attrs_best_mean_reward_0,user_attrs_best_mean_reward_1,user_attrs_best_mean_reward_2,user_attrs_sumA,system_attrs_completed_rung_0,system_attrs_completed_rung_1,system_attrs_fixed_params,state
284,0.22117865365257972,2025-08-27 16:43:55,2025-08-27 17:59:41,0 days 01:15:46,24.11493810211015,-0.12930165985531863,12.133020783215532,-0.8741603087005414,5.381173982807239,0.38259044983313595,2.556110117240036,1.1723770737720858,,0.23878679237720293,,,,1104.2335566499999,,,,0.23878679237720293,0.22117865365257972,,PRUNED
285,0.2734871655189759,2025-08-27 17:06:58,2025-08-27 19:39:43,0 days 02:32:45,54.97330631036599,-0.08161695790114205,12.584221306222878,-0.9084729978143056,5.0,0.5841599099427286,2.5,2.5,0.2734871655189759,0.23960270150812446,0.12310394445588213,0.2734871655189759,2498.123538533333,2255.5060224000003,2437.1565502033336,2498.123538533333,2.222631902821003,0.12310394445588213,,"{'A': 54.97330631036599, 'B': -0.08161695790114205, 'C': 12.584221306222878, 'D': -0.9084729978143056, 'Vmax': 5, 'a_ub': 0.5841599099427286, 'h1': 2.5, 'h2': 2.5}",COMPLETE
286,0.14859504907558113,2025-08-27 17:26:36,2025-08-27 18:42:24,0 days 01:15:48,54.97330631036599,-0.08161695790114205,12.584221306222878,-0.9084729978143056,1.2,0.5841599099427286,2.5,2.5,0.14859504907558113,0.14498266706651217,0.15450608073742725,0.14859504907558113,2575.6542425233333,2432.675389383334,2534.536030676667,2575.6542425233333,1.656667617653147,0.14498266706651217,0.15450608073742725,"{'A': 54.97330631036599, 'B': -0.08161695790114205, 'C': 12.584221306222878, 'D': -0.9084729978143056, 'Vmax': 1.2, 'a_ub': 0.5841599099427286, 'h1': 2.5, 'h2': 2.5}",COMPLETE
287,0.16470731417675336,2025-08-27 17:56:24,2025-08-27 20:48:24,0 days 02:52:00,54.97330631036599,-0.08161695790114205,12.584221306222878,-0.9084729978143056,2.0,0.5841599099427286,2.5,2.5,0.16470731417675336,0.1777928591642954,0.16938477628705498,0.16470731417675336,2574.1351109566663,2429.7172797733333,2469.960961203333,2574.1351109566663,1.4330716841624451,0.16938477628705498,,"{'A': 54.97330631036599, 'B': -0.08161695790114205, 'C': 12.584221306222878, 'D': -0.9084729978143056, 'Vmax': 2, 'a_ub': 0.5841599099427286, 'h1': 2.5, 'h2': 2.5}",COMPLETE
288,0.15212446495208007,2025-08-27 17:59:41,2025-08-27 20:57:17,0 days 02:57:36,30.89573643922253,-0.031284007006368963,16.938661273459765,-0.9806457784058502,0.01046169042212508,0.36138560260933933,1.9794141344874014,3.6932491497887043,0.15212446495208007,0.19030184917032708,0.20498990564106986,0.15212446495208007,876.8579668900001,794.2725933399998,870.8547091700001,876.8579668900001,1.526478820537406,0.20498990564106986,,,COMPLETE
289,0.12897051129507817,2025-08-27 19:39:43,2025-08-27 23:00:10,0 days 03:20:27,30.711849225183705,-0.09943333490296957,15.493132909588999,-0.8795829629219015,1.5431614293028666,0.961277235100759,2.3821286690902896,2.60334875071508,0.12897051129507817,0.19781457234823396,0.19027588024506326,0.12897051129507817,1662.7086045733333,1529.2662440566667,1623.39811803,1662.7086045733333,1.5478870236153057,0.19781457234823396,0.19027588024506326,,COMPLETE
290,0.9310638756751972,2025-08-27 20:48:24,2025-08-27 23:59:26,0 days 03:11:02,38.41197587505338,-0.10349387038223193,17.002082626894982,-0.8816800407570781,1.6950792519847695,0.9633326192632619,2.4230358128425977,2.83943099555645,0.9310638756751972,0.1410394088070664,0.1953989971312621,0.9310638756751972,2112.8826604200003,1992.15809455,2052.62168831,2112.8826604200003,3.20969942198979,0.1410394088070664,0.1953989971312621,,COMPLETE
291,0.19631139247202822,2025-08-27 20:57:17,2025-08-28 00:08:05,0 days 03:10:48,38.80078895669781,-0.10829832309805491,16.223904794760728,-0.9389614435029818,1.6901205194079674,0.6883167507867598,1.7554266535693999,2.836652587269822,0.19631139247202822,0.2190146176341754,0.19567989277119335,0.19631139247202822,1240.2501065666668,1115.72881773,1173.2173500466668,1240.2501065666668,1.8919922197086125,0.19567989277119335,,,COMPLETE
292,0.2354785792592362,2025-08-27 23:00:10,2025-08-28 00:27:35,0 days 01:27:25,28.429464517400906,-0.10082308570067629,17.22949579156146,-0.881025261014093,1.6955222197010618,0.3384779494956694,2.704671615608066,2.908576199228785,,0.2069333283637025,,,,1559.9371139800003,,,,0.2069333283637025,0.2354785792592362,,PRUNED
293,0.1699407010103522,2025-08-27 23:59:26,2025-08-28 02:34:51,0 days 02:35:25,29.738908969966122,-0.1488712401253507,15.224345455003148,-0.8802983385542549,1.6721335479554298,0.5051226669412422,2.440516370698334,3.2978850795783545,0.1699407010103522,0.2506993721557389,0.15232549841310408,0.1699407010103522,1484.3805202800002,1367.4972675233332,1454.4573958033334,1484.3805202800002,1.9707539011150514,0.15232549841310408,,,COMPLETE
294,0.15897089653185234,2025-08-28 00:08:05,2025-08-28 02:38:33,0 days 02:30:28,26.84549871884756,-0.15056494304780652,13.828772209283636,-0.8801956729892005,1.4357919717345782,0.23351952022165645,2.856828838958363,3.24201206023955,0.15897089653185234,0.15164777447396083,0.18925686817301968,0.15897089653185234,1292.7247223966665,1246.8692923366664,1283.5307643899998,1292.7247223966665,1.582536422935504,0.15164777447396083,0.18925686817301968,,COMPLETE
295,0.22663728656404217,2025-08-28 00:22:07,2025-08-28 02:58:42,0 days 02:36:35,28.96471687557419,-0.13622663775894653,19.86838289361186,-0.8685441129129917,1.2666700554727472,0.4841036780988372,2.444999258878534,3.285871068431841,0.22663728656404217,0.1909924803909641,0.20201045883156468,0.22663728656404217,1632.0983174699998,1509.40765987,1594.7840683899997,1632.0983174699998,1.7864573273876776,0.20201045883156468,,,COMPLETE
296,0.21581100975565923,2025-08-28 00:22:14,2025-08-28 01:39:58,0 days 01:17:44,26.95761181796389,-0.1475567660393019,14.519241272872579,-0.8712206856548385,1.6378452197665472,0.9783091025776837,2.3940771136025356,2.7332500138060536,,0.17000292602952535,,,,1345.9058318066666,,,,0.17000292602952535,0.21581100975565923,,PRUNED
297,0.18550547401159476,2025-08-28 00:22:21,2025-08-28 03:00:20,0 days 02:37:59,19.635113340871623,-0.14850738303817818,18.84369241759006,-0.8823727159755781,1.388563041004802,0.9778119936616354,2.695817297071354,3.2319394437353473,0.18550547401159476,0.16635368757692962,0.1649561368869609,0.18550547401159476,990.50130589,990.50130589,990.50130589,990.50130589,1.6465190007086983,0.1649561368869609,,,COMPLETE
298,0.19976296675445407,2025-08-28 00:27:35,2025-08-28 02:58:48,0 days 02:31:13,15.029619685373579,-0.14325653781225559,19.565360388383414,-0.8748486710968967,2.7552257021238695,0.4081064934169906,2.8669453315033393,3.2458366858204806,0.19976296675445407,0.17540020246073684,0.15047981890496495,0.19976296675445407,750.5124616366667,738.2493971633335,750.5124616366667,750.5124616366667,2.0662467403390523,0.15047981890496495,,,COMPLETE
299,0.29837042118421303,2025-08-28 01:39:58,2025-08-28 02:18:56,0 days 00:38:58,30.626944950090763,-0.12043908792335305,25.795988121632966,-0.8046323003657099,2.60710071471013,0.41303922670937604,2.4492171241291683,2.6021599147039782,,,,,,,,,,0.29837042118421303,,,PRUNED
300,0.3170025904312073,2025-08-28 02:18:56,2025-08-28 03:38:12,0 days 01:19:16,62.51405394155785,-0.14441573734990812,20.374925183493684,-0.8874465303388438,1.0686788533309528,0.5064545365973663,1.6137846790334536,3.2362795536268893,,0.27748076043851305,,,,2333.6414410366665,,,,0.3170025904312073,,,PRUNED
301,0.2526891048324718,2025-08-28 02:38:33,2025-08-28 03:13:16,0 days 00:34:43,51.493495074238226,-0.09338507732289059,19.214237816464912,-0.9429437407657301,0.955957842346678,0.9992303865678002,2.628283487611369,3.18908301305855,,,,,,,,,,0.2526891048324718,,,PRUNED
302,1.3999957432179124,2025-08-28 02:58:48,2025-08-28 04:39:53,0 days 01:41:05,56.58226697110252,-0.09032065489995923,10.525433946902325,-0.06412993629653085,0.9624120796510375,0.5310049419844383,1.6113255576950152,3.886982288123981,,2.2857470664093342,,,,2584.171583993333,,,,1.3999957432179124,,,PRUNED
303,0.1823534638434776,2025-08-28 02:58:42,2025-08-28 05:34:55,0 days 02:36:13,62.16059662858487,-0.0841625272055865,10.902034794671142,-0.9349224334925021,0.9323049196803298,0.5338018846698932,2.557769000970832,3.8799483137693294,0.1823534638434776,0.13961253353082487,0.16666236464631412,0.1823534638434776,2367.959280763333,2253.449931706667,2326.10523709,2367.959280763333,2.2760632314010323,0.13961253353082487,0.16666236464631412,,COMPLETE
304,0.2210205457174843,2025-08-28 03:00:20,2025-08-28 05:46:36,0 days 02:46:16,49.98636604070355,-0.0911589295506469,10.521874589956457,-0.7819319396821535,2.3183930361720284,0.5364651606081113,2.608338591461336,3.8085061031720566,0.2210205457174843,0.19985043876309336,0.20648817299981556,0.2210205457174843,3488.8169558866666,3116.4366691933333,3473.4702536666664,3488.8169558866666,1.317863259094078,0.20648817299981556,,,COMPLETE
305,0.2979031574793088,2025-08-28 03:13:16,2025-08-28 03:47:32,0 days 00:34:16,62.52466100645643,-0.11963661396557461,10.444191884677878,-0.8978747559964567,2.2497815713684917,0.9561244522544154,1.627693066273428,3.4542783353380426,,,,,,,,,,0.2979031574793088,,,PRUNED
306,0.19471124950988952,2025-08-28 03:38:12,2025-08-28 06:14:49,0 days 02:36:37,56.57352240611056,-0.11793366177047826,10.474896322488584,-0.930691144966129,10.805391057718975,0.9024972095342974,2.5431008319511648,3.4815638668949602,0.19471124950988952,0.16279044699208214,0.1639813839162582,0.19471124950988952,2032.1349948233335,1947.1846911966668,2032.1349948233335,2032.1349948233335,1.6157522118601648,0.1639813839162582,,,COMPLETE
307,0.22794300123563616,2025-08-28 04:39:53,2025-08-28 06:51:04,0 days 02:11:11,49.56887446817343,-0.12139104172386217,11.392019542213985,-0.9297079723873987,2.417331632482186,0.9084992805981705,1.4218740437606807,3.787695988629611,0.22794300123563616,0.20336120245256215,0.1313089378134078,0.22794300123563616,1786.6738694300002,1705.66319964,1786.6738694300002,1786.6738694300002,1.929843045681938,0.20336120245256215,0.1313089378134078,,COMPLETE
308,0.27225848945109365,2025-08-28 05:34:55,2025-08-28 06:58:13,0 days 01:23:18,49.56300724674376,-0.18603240164860807,15.303581155873914,-0.9600546048534953,3.0638986452960983,0.4466209378861184,1.404798262887586,3.5521137792302446,,0.1774322171223213,,,,542.7706838633334,,,,0.1774322171223213,0.27225848945109365,,PRUNED
309,1.8672991202607936,2025-08-28 05:46:36,2025-08-28 07:21:37,0 days 01:35:01,32.10774365324588,-0.12047512332857335,15.049623335385112,-0.9584417641356304,5.66024857253324,0.9028827829171464,1.40148168800234,3.507003916257359,,2.0235725004114724,,,,284.05028582333335,,,,1.8672991202607936,,,PRUNED
310,0.19493301586464365,2025-08-28 06:14:49,2025-08-28 08:50:29,0 days 02:35:40,31.949215240167117,-0.1835116130996337,15.331430082640837,-0.8521880421593868,2.784138988353897,0.7226068597324878,2.2964209194428133,3.56554045136661,0.19493301586464365,0.3049166929982969,0.17890669832934578,0.19493301586464365,1673.0832097999998,1618.3461340433334,1650.363812346667,1673.0832097999998,1.8374852405226678,0.17890669832934578,,,COMPLETE
311,0.4645727141988331,2025-08-28 06:58:13,2025-08-28 07:37:10,0 days 00:38:57,53.256624174240734,-0.06382570981467478,8.762456074094372,-0.8572685835330666,0.03827330396827677,0.28494008172356766,1.4798696957380126,3.102971787727497,,,,,,,,,,0.4645727141988331,,,PRUNED
312,0.23730567045041892,2025-08-28 07:21:37,2025-08-28 08:39:30,0 days 01:17:53,53.1669807375257,-0.03908784657266673,8.58061035218054,-0.8522219636512977,27.602504151186693,0.6226881590199231,1.4929571147979153,3.675868016956345,,0.22645943510482536,,,,3043.3905847500005,,,,0.23730567045041892,,,PRUNED
313,0.2189606459520106,2025-08-28 07:37:10,2025-08-28 08:55:26,0 days 01:18:16,58.29829361513424,-0.0326693333587101,12.903142620035378,-0.9073145315352308,2.967791931188395,0.9663241799062258,2.2793282834157695,3.6413999042760645,,0.1767443970659105,,,,2521.2258016633336,,,,0.1767443970659105,0.2189606459520106,,PRUNED
314,0.22891144400663901,2025-08-28 08:39:30,2025-08-28 11:14:16,0 days 02:34:46,58.98690758138055,-0.10119978268297238,12.960544883233128,-0.9055522622939274,0.5918231547721615,0.9586069924778743,2.305358218229626,1.76340141837957,0.22891144400663901,0.1428938079303681,0.15095107524148135,0.22891144400663901,2655.8646214966666,2459.8711213133333,2569.5449684666664,2655.8646214966666,2.611481414152404,0.15095107524148135,,,COMPLETE
315,0.8827839209151311,2025-08-28 08:50:29,2025-08-28 11:31:16,0 days 02:40:47,58.43188424890107,-0.2145681035097002,12.331912067726522,-0.9044285980340608,0.46900135389812503,0.33771967930959784,3.333273371779608,3.427868020202847,0.8827839209151311,0.1874752114382745,0.1896329513069339,0.8827839209151311,1800.6295227933333,1632.57673548,1788.8289729666667,1800.6295227933333,2.276825848192808,0.1874752114382745,0.1896329513069339,,COMPLETE
316,0.9780892774720832,2025-08-28 08:55:26,2025-08-28 10:20:28,0 days 01:25:02,59.06418531615229,-0.21773866082489482,45.07269723794761,-0.8993416249667162,0.4723837048261518,0.8772097952691427,1.2437996140868384,3.346582039660966,,0.9911622099737755,,,,964.6923128999998,,,,0.9780892774720832,,,PRUNED
317,0.2738075854368098,2025-08-28 10:20:28,2025-08-28 11:38:23,0 days 01:17:55,30.809393848552777,-0.10415953048977486,6.34980161534093,-0.8105223134726413,1.983357026240013,0.9829562849466615,1.3018491640569256,3.4083315780380747,,0.1828522647005512,,,,1710.1334848166664,,,,0.1828522647005512,0.2738075854368098,,PRUNED
318,1.782778815621179,2025-08-28 11:14:17,2025-08-28 12:00:48,0 days 00:46:31,30.991586914238486,-0.07039097180721493,6.360186225264476,-0.816197921072195,2.101936265834584,0.3467960168001927,1.3182850922384723,3.4185577728640335,,,,,,,,,,1.782778815621179,,,PRUNED
319,0.15906360687297175,2025-08-28 11:31:16,2025-08-28 14:07:29,0 days 02:36:13,23.100672428927272,-0.0626600485228227,6.283605115775904,-0.8187228635403254,6.594809112504698,0.9882714351635957,1.3255302899934156,3.711632587674897,0.15906360687297175,0.2353314380832545,0.17499312479830606,0.15906360687297175,1355.12546059,1326.9919472666668,1331.116036576667,1355.12546059,1.4219501293194021,0.17499312479830606,,,COMPLETE
320,1.1956343125428017,2025-08-28 11:38:23,2025-08-28 12:21:40,0 days 00:43:17,32.96578583343623,-0.06691902002552473,0.14071003592333176,-0.9713276233695578,5.68343571409788,0.8523269128686658,3.106198121375173,3.6908747994222795,,,,,,,,,,1.1956343125428017,,,PRUNED
321,0.23462646033751233,2025-08-28 12:00:48,2025-08-28 13:19:49,0 days 01:19:01,25.424447467112874,-0.16201288489460253,9.213682487545558,-0.9805447485838732,0.000587958781104736,0.6871280701001456,1.2216969864307679,1.0185260350201741,,0.24094741421995572,,,,462.1290362833333,,,,0.23462646033751233,,,PRUNED
322,0.26094464009833823,2025-08-28 12:21:40,2025-08-28 13:01:43,0 days 00:40:03,47.93220722912584,-0.16415577734762238,9.614972422575542,-0.9895671428148174,1.4482702366630016,0.9278858748562064,1.2304750370615551,3.5287965487839523,,,,,,,,,,0.26094464009833823,,,PRUNED
323,0.2495859182397058,2025-08-28 13:01:43,2025-08-28 15:43:06,0 days 02:41:23,51.720831094869,-0.10158169116735835,9.23950103493971,-0.9203757691551525,0.9554227500282886,0.7142288421900884,1.3387910773336602,1.304735827759817,0.2495859182397058,0.19154238466729856,0.1939095157191095,0.2495859182397058,2073.05134168,1929.5862905933336,2016.185629026667,2073.05134168,2.195612771342993,0.1939095157191095,,,COMPLETE
324,0.9799712745434602,2025-08-28 13:19:49,2025-08-28 14:03:51,0 days 00:44:02,52.044528904521286,-0.09426042798135928,3.3471494860005726,-0.8272382395399644,0.7911793687675868,0.7404378973366564,1.3595599272156693,3.593604514169327,,,,,,,,,,0.9799712745434602,,,PRUNED
325,0.13130381327977098,2025-08-28 14:03:51,2025-08-28 16:40:43,0 days 02:36:52,33.410415682874714,-0.1313404282326152,17.449112330900956,-0.8636971266266912,1.3693591780405576,0.9495951220745492,1.5193033685099784,2.67174684903262,0.13130381327977098,0.1911168083411301,0.20006703677663243,0.13130381327977098,1941.6365313699998,1920.3605206733334,1928.0427973833332,1941.6365313699998,1.6650861530095427,0.20006703677663243,,,COMPLETE
326,1.0000788209100973,2025-08-28 14:07:30,2025-08-28 14:47:13,0 days 00:39:43,55.965164296256965,-0.12924805178994697,17.497475048111653,-0.9188062390370669,1.5342510870063575,0.7096080302562836,1.538992190316558,3.1168525883581633,,,,,,,,,,1.0000788209100973,,,PRUNED
327,0.17085404514775018,2025-08-28 14:47:13,2025-08-28 17:21:46,0 days 02:34:33,28.30922864697175,-0.08833981294514068,9.011718684747192,-0.8579488499014027,2.9315278225542607,0.9487599419507574,1.1288971439120712,3.324618844418803,0.17085404514775018,0.15300691394427227,0.12737103343686396,0.17085404514775018,1565.0911021833333,1529.755738616667,1556.05252379,1565.0911021833333,1.6213006685387514,0.12737103343686396,,,COMPLETE
328,0.17283927916095765,2025-08-28 15:43:06,2025-08-28 18:17:19,0 days 02:34:13,28.685146675328355,-0.08283574328207315,13.812046719829208,-0.8618986117028805,7.403267668815807,0.9489241901464538,1.1302074703859915,3.3152800968484972,0.17283927916095765,0.1457654390577133,0.1463116282811051,0.17283927916095765,1711.7433933599998,1673.75776668,1708.5898538499998,1711.7433933599998,1.6503947781727877,0.1463116282811051,,,COMPLETE
329,0.2435877345095089,2025-08-28 16:40:43,2025-08-28 17:58:25,0 days 01:17:42,33.29114361837128,-0.13331707870558576,7.344551722048359,-0.863163404490074,3.0238140816982106,0.9595067789550771,1.5010768241772257,2.7524956599749695,,0.16985540464737336,,,,1564.9474408233334,,,,0.16985540464737336,0.2435877345095089,,PRUNED
330,0.267787126610295,2025-08-28 17:21:46,2025-08-28 18:00:33,0 days 00:38:47,41.00848613435293,-0.1329804675829656,11.91027651030831,-0.8889594795346556,7.33089722900127,0.9557215064372069,1.563033097231443,2.6431031905654163,,,,,,,,,,0.267787126610295,,,PRUNED
331,0.19692130292381316,2025-08-28 17:58:25,2025-08-28 20:33:53,0 days 02:35:28,33.34229374727848,-0.12550227035845876,11.84679286394611,-0.891766801769709,2.156666796461596,0.6092708190996995,1.5547482050402996,2.6070846487335277,0.19692130292381316,0.19162566833685793,0.17823079699879263,0.19692130292381316,1481.25396723,1265.0019049133334,1455.857433143333,1481.25396723,2.0142663691435025,0.17823079699879263,,,COMPLETE
332,0.4546488596661782,2025-08-28 18:00:33,2025-08-28 18:40:06,0 days 00:39:33,35.287491857478386,-0.11575306038877929,4.130762261891721,-0.8473291160756766,2.05425263886905,0.7873246788315493,1.4243836941674557,2.553517380147051,,,,,,,,,,0.4546488596661782,,,PRUNED
333,0.20842645355225212,2025-08-28 18:17:19,2025-08-28 20:57:11,0 days 02:39:52,33.39643807164168,-0.11585129224557913,4.639499518425588,-0.846148705496742,2.1378313507396567,0.6385111589208734,1.4475738836659515,2.6111378560301945,0.20842645355225212,0.22730856940693797,0.16537374972983335,0.20842645355225212,1582.45707201,1542.9581377133334,1557.0346707133333,1582.45707201,1.60944944013554,0.16537374972983335,,,COMPLETE
334,0.3458114262660139,2025-08-28 18:40:06,2025-08-28 19:19:30,0 days 00:39:24,33.25221527186596,-0.11482001376626559,36.810833573471896,-0.8932008629522575,4.634540163948274,0.6455476503654585,2.190878137133633,2.663451655598993,,,,,,,,,,0.3458114262660139,,,PRUNED
335,0.20786066512180554,2025-08-28 19:19:30,2025-08-28 21:54:10,0 days 02:34:40,29.977499189664176,-0.1724225566974103,5.791285616059048,-0.8833539287287581,2.4015564927433757,0.7374344781800302,2.7550644202302936,2.4933177522631818,0.20786066512180554,0.22972111645023685,0.16086362595404513,0.20786066512180554,1146.4898345833333,1106.7528809266666,1146.4898345833333,1146.4898345833333,1.942054404741888,0.16086362595404513,,,COMPLETE
336,0.34691309602914444,2025-08-28 20:33:53,2025-08-28 21:51:59,0 days 01:18:06,31.41882376171594,-0.3269228631384528,5.479102619856356,-0.8356947178616602,3.8338259714753544,0.9994760971931861,1.8065754872056394,2.4748505156500826,,0.19907309005454735,,,,864.1913775633334,,,,0.19907309005454735,0.34691309602914444,,PRUNED
337,0.2722142971081605,2025-08-28 20:57:12,2025-08-28 22:19:51,0 days 01:22:39,30.5865454737891,-0.15388774652896933,2.0579277070967468,-0.8686462107661053,3.9670659311816445,0.7441054925222325,1.2123070391107127,3.173551088445338,,0.3547565351910475,,,,1098.5798625166667,,,,0.2722142971081605,,,PRUNED
338,0.2668550081111696,2025-08-28 21:51:59,2025-08-29 00:27:05,0 days 02:35:06,26.777397091649686,-0.17191750279870308,17.36935039517504,-0.8694114254466373,1.3218242346983904,0.7401176333265325,1.2168820858638456,3.163208565734806,0.2668550081111696,0.2101528860767609,0.18534138339384984,0.2668550081111696,1342.2758956233336,1276.1186426666668,1342.2758956233336,1342.2758956233336,1.4985862443364955,0.18534138339384984,,,COMPLETE
339,0.2805763816796782,2025-08-28 21:54:10,2025-08-28 22:33:54,0 days 00:39:44,37.17833890978097,-0.19304126679098194,15.980027274673676,-0.8645881210701097,1.4336845198571562,0.571391701372314,1.2272354671996595,3.583189771672731,,,,,,,,,,0.2805763816796782,,,PRUNED
340,0.17524682521860324,2025-08-28 22:19:51,2025-08-29 00:56:59,0 days 02:37:08,26.74425335536075,-0.14224239180525866,14.505353233110524,-0.9203538385126205,1.386240043811968,0.9265995287809288,1.2813769750718065,3.5713793331868855,0.17524682521860324,0.20951741244286445,0.1801138094377137,0.17524682521860324,958.9454187000001,904.3522997099999,958.9454187000001,958.9454187000001,1.4911317484321582,0.1801138094377137,,,COMPLETE
341,0.24871463870759516,2025-08-28 22:33:54,2025-08-28 23:51:24,0 days 01:17:30,26.499161028187068,-0.15545487211675205,8.175981902937513,-0.916526894031506,0.4787423632333849,0.9227442851764174,1.2865105687379152,3.450833616313966,,0.1556426389274016,,,,940.0429059266668,,,,0.1556426389274016,0.24871463870759516,,PRUNED
