number,value,datetime_start,datetime_complete,duration,params_A,params_B,params_C,params_D,params_Vmax,params_a_ub,params_h1,params_h2,user_attrs_IAE,user_attrs_IAE_0,user_attrs_IAE_1,user_attrs_IAE_2,user_attrs_best_mean_reward,user_attrs_best_mean_reward_0,user_attrs_best_mean_reward_1,user_attrs_best_mean_reward_2,user_attrs_sumA,system_attrs_completed_rung_0,system_attrs_completed_rung_1,system_attrs_fixed_params,state
227,0.15347557071775195,2025-08-27 02:10:23,2025-08-27 04:48:29,0 days 02:38:06,53.7245072564438,-0.16269842807810767,5.480074888229803,-0.8569122924464632,3.881284452892809,0.7571284583825475,1.0804133137204897,3.5330870487899775,0.15347557071775195,0.22542973566141733,0.15043633798462977,0.15347557071775195,2293.0462478566665,2255.471447666667,2261.3132115533335,2293.0462478566665,1.6019611752212641,0.22542973566141733,0.15043633798462977,,COMPLETE
228,0.15863075622727735,2025-08-27 02:19:11,2025-08-27 04:56:17,0 days 02:37:06,53.467512141023455,-0.07208579193838408,4.966028937700713,-0.9762017059640233,4.300215216296103,0.7075111720932825,1.0885394176072913,2.2020767019906295,0.15863075622727735,0.1734873919232336,0.17027279609737137,0.15863075622727735,1951.1406487733332,1893.9259509366668,1910.6802006166665,1951.1406487733332,1.5374719276042352,0.1734873919232336,0.17027279609737137,,COMPLETE
229,0.2275472174968793,2025-08-27 02:41:13,2025-08-27 04:12:54,0 days 01:31:41,27.881209969433634,-0.1606196240613859,5.1431383677429725,-0.859335793102584,0.11446023968914507,0.762679359740719,1.3359679675658147,3.5210275188582436,0.2275472174968793,0.25054731437045175,0.14596112715798085,0.2275472174968793,1176.3448336666668,1118.8724287033335,1155.7486334866667,1176.3448336666668,1.8320060013011155,0.14596112715798085,,,COMPLETE
230,1.7923515391194431,2025-08-27 02:46:04,2025-08-27 03:43:25,0 days 00:57:21,26.775175566489438,-0.16175105905791778,10.49806699570721,-0.9001162994621649,14.388980775397421,0.7110130559489413,1.337261950594764,2.2457324602687523,,2.4248536887470986,,,,930.6901216800001,,,,1.7923515391194431,,,PRUNED
231,0.18109255726579318,2025-08-27 03:15:28,2025-08-27 04:47:01,0 days 01:31:33,26.590764834710097,-0.15048457936392468,10.311601109828224,-0.8975479689498053,0.018905537487337698,0.662999192497025,1.2740910212795535,3.3561750459669497,0.18109255726579318,0.1519846048136266,0.1828457181390566,0.18109255726579318,1091.6171996566666,1082.84174443,1083.3511891233331,1091.6171996566666,1.2080451760360853,0.1519846048136266,0.1828457181390566,,COMPLETE
232,0.27498517659965444,2025-08-27 03:25:36,2025-08-27 04:47:13,0 days 01:21:37,52.76828888615174,-0.1635441248016682,10.340218900217277,-0.894620418396231,1.4879666863156211,0.7095045997221446,1.2561234070328378,3.158556253189033,,0.1884611207464172,,,,2000.9574244733333,,,,0.27498517659965444,,,PRUNED
233,0.1709848605460177,2025-08-27 03:43:25,2025-08-27 05:14:47,0 days 01:31:22,53.55490465484147,-0.1642556607918432,10.00149919999948,-0.8774234793794907,1.3101775955725734,0.6631257414236295,1.2419269069408436,3.3480861779047215,0.1709848605460177,0.17694357690151938,0.14248468033150438,0.1709848605460177,2337.159714973333,2300.1233764999997,2337.159714973333,2337.159714973333,1.2142946742240854,0.17694357690151938,0.14248468033150438,,COMPLETE
234,0.19605996308487886,2025-08-27 04:12:54,2025-08-27 05:44:57,0 days 01:32:03,53.70087900201112,-0.1435436366450139,10.144826012121372,-0.8814494295063899,1.6466650363510538,0.9137158896123726,1.277515555120491,3.33311693333255,0.19605996308487886,0.15796980090485066,0.17913818790930022,0.19605996308487886,2403.46423663,2385.990104156667,2397.05847482,2403.46423663,2.571930303208603,0.17913818790930022,,,COMPLETE
235,0.2807612393768199,2025-08-27 04:47:13,2025-08-27 05:27:45,0 days 00:40:32,51.155844291985,-0.13972711186521553,9.32572219221461,-0.9655301391702665,1.4734759847262597,0.7788311146439245,1.2383594928704649,2.0809415549120076,,,,,,,,,,0.2807612393768199,,,PRUNED
236,0.18250291417035117,2025-08-27 04:47:01,2025-08-27 06:24:33,0 days 01:37:32,33.68785484290955,-0.035614859094073824,4.938277197818064,-0.970207208853159,4.320806278710526,0.7477249824263745,1.2309950482638397,3.709241036863285,0.18250291417035117,0.23547459333521004,0.23279140141366308,0.18250291417035117,1372.3239852433333,1313.3632197666666,1326.4236732966665,1372.3239852433333,1.6423947509756476,0.23279140141366308,,,COMPLETE
237,0.35705304077768685,2025-08-27 04:48:29,2025-08-27 05:29:38,0 days 00:41:09,56.97657070373649,-0.14191349995067626,4.797492450198698,-0.8771561681453878,17.76853386198557,0.7465590846957957,1.0958788367019716,3.601723998295183,,,,,,,,,,0.35705304077768685,,,PRUNED
238,0.12888131552929397,2025-08-27 04:56:17,2025-08-27 07:37:40,0 days 02:41:23,56.985145886909805,-0.12631711497026968,9.438580094371765,-0.875342828105059,1.1305677647287375,0.7813581775868396,1.2438791407630487,3.6121882805126653,0.12888131552929397,0.21654495396215015,0.1754471260824387,0.12888131552929397,2754.48552842,2621.7444958866668,2639.7223119766663,2754.48552842,1.877983155408759,0.21654495396215015,0.1754471260824387,,COMPLETE
239,0.1890295465594054,2025-08-27 05:14:47,2025-08-27 06:46:08,0 days 01:31:21,58.750289078402005,-0.13821997426633992,8.06066410295495,-0.8779919437550289,3.6399060092241027,0.7773849008896275,1.5302701024062366,3.60060352779557,0.1890295465594054,0.1804539892169166,0.18670475248935814,0.1890295465594054,2582.9268110199996,2488.136820776667,2574.5645350366667,2582.9268110199996,1.981396106298489,0.18670475248935814,,,COMPLETE
240,0.16368227995893528,2025-08-27 05:27:45,2025-08-27 08:13:31,0 days 02:45:46,57.18222510544848,-0.13253926318715925,4.626961351135492,-0.8739387108437325,3.6295678277818144,0.7507646291249174,1.550274613991174,3.608262182147558,0.16368227995893528,0.17881773332651738,0.17582757406696578,0.16368227995893528,2425.2010379633334,2314.5673091333333,2356.9757612500002,2425.2010379633334,1.2208290159147681,0.17881773332651738,0.17582757406696578,,COMPLETE
241,0.20150893364552358,2025-08-27 05:29:38,2025-08-27 08:09:09,0 days 02:39:31,58.29868427416661,-0.2540509587322657,7.9272424257996565,-0.8476557188230509,3.427917545201568,0.9115586297507854,1.5023542389673232,3.469331344039452,0.20150893364552358,0.23575621704066194,0.17497966289645825,0.20150893364552358,2164.441742886667,2110.5878774899998,2164.441742886667,2164.441742886667,2.1561497599575765,0.17497966289645825,,,COMPLETE
242,0.19518127916148434,2025-08-27 05:44:57,2025-08-27 07:16:37,0 days 01:31:40,58.15041254461382,-0.231284958181465,7.556803386511015,-0.8551811370213825,3.34494018580371,0.7499324985667262,1.5552642556875524,3.437107478632931,0.19518127916148434,0.18137375495333838,0.20063273283934976,0.19518127916148434,2240.22290604,2213.92811175,2219.6105446799997,2240.22290604,1.772310716906554,0.18137375495333838,0.20063273283934976,,COMPLETE
243,0.2010289026779338,2025-08-27 06:24:33,2025-08-27 07:55:35,0 days 01:31:02,49.920131290959525,-0.11220306351319445,7.581759132915076,-0.8372249752031431,3.354822461572218,0.7790394648558857,1.5387611854212664,3.4808619904072855,0.2010289026779338,0.292656217054934,0.1926539958963658,0.2010289026779338,2615.3329320899998,2578.2470219,2611.8119095866673,2615.3329320899998,1.652165695227108,0.1926539958963658,,,COMPLETE
244,0.2555933087572013,2025-08-27 06:46:08,2025-08-27 08:17:26,0 days 01:31:18,56.55974134164796,-0.24269982785357688,15.461692179217788,-0.8112245697668283,3.49085557602994,0.8816361185892837,1.3907400908459437,3.457325042819745,0.2555933087572013,0.2120172525149305,0.16578998622425714,0.2555933087572013,3177.9073346,3153.2483410333334,3177.9073346,3177.9073346,2.0607102710456853,0.2120172525149305,0.16578998622425714,,COMPLETE
245,0.13192284350462438,2025-08-27 07:16:37,2025-08-27 08:48:12,0 days 01:31:35,50.66988474295447,-0.11716100003202046,14.608359936873217,-0.8449866164642578,0.8576639386755905,0.9469188199721611,1.3933663189860674,3.484180009560935,0.13192284350462438,0.2143570397853656,0.20864229253342015,0.13192284350462438,3068.3529947333323,2933.442804736666,3028.139328626666,3068.3529947333323,1.4995833094633866,0.20864229253342015,,,COMPLETE
246,0.21012222237036404,2025-08-27 07:37:40,2025-08-27 10:18:17,0 days 02:40:37,55.404966482627415,-0.1202961930751543,15.112790692591917,-0.8375440424767199,0.8530630202549563,0.7866229690373661,1.4018724851759041,3.5321650107376974,0.21012222237036404,0.1816600948197374,0.1640800803489486,0.21012222237036404,3356.2014715299997,3336.317123296667,3356.2014715299997,3356.2014715299997,1.7373319049751583,0.1816600948197374,0.1640800803489486,,COMPLETE
247,0.20233043876554271,2025-08-27 07:55:35,2025-08-27 09:27:04,0 days 01:31:29,57.12914879447221,-0.11782082631880875,12.425720265021152,-0.9056893766826637,0.7023846030596618,0.9480724166475606,1.4270515383932887,3.64889272683991,0.20233043876554271,0.3032911138856918,0.20032276536016333,0.20233043876554271,2353.292090133333,2057.6018864233333,2222.7407636500006,2353.292090133333,1.3650315326240872,0.20032276536016333,,,COMPLETE
248,0.19837202383375183,2025-08-27 08:09:09,2025-08-27 10:52:02,0 days 02:42:53,55.87119218299791,-0.07724228863759074,15.414193618589268,-0.9158781053344792,0.9239396208635564,0.950719565260892,1.4025187409645745,3.666596775260452,0.19837202383375183,0.2600982325650001,0.15860524127412134,0.19837202383375183,2529.9806058066674,2465.0373047133335,2529.9806058066674,2529.9806058066674,1.6728295615807063,0.15860524127412134,,,COMPLETE
249,0.09335536818847412,2025-08-27 08:13:32,2025-08-27 10:56:21,0 days 02:42:49,54.97330631036599,-0.08161695790114205,12.584221306222878,-0.9084729978143056,1.1767145296854493,0.5841599099427286,1.4151963364631988,3.666619478235736,0.09335536818847412,0.17314363160409427,0.14925156956644123,0.09335536818847412,2550.9969924466664,2509.6334223399995,2511.69216921,2550.9969924466664,1.7249040219515586,0.17314363160409427,0.14925156956644123,,COMPLETE
250,0.2448898653069498,2025-08-27 08:17:26,2025-08-27 09:03:26,0 days 00:46:00,32.08592902292003,-0.09943590205488316,12.53372974583319,-0.9095218332477574,0.814449362205985,0.9441808782063744,1.185865589918472,3.715066359921649,,0.1744133038497927,,,,1380.6072582999998,,,,0.1744133038497927,0.2448898653069498,,PRUNED
251,0.17835614426415713,2025-08-27 08:48:12,2025-08-27 10:19:20,0 days 01:31:08,50.08696332248316,-0.09938908681896229,12.49295678942252,-0.90387592713232,0.7682112513060673,0.9994728289920087,1.3527403546077756,3.2449293629550087,0.17835614426415713,0.24557174683820318,0.21925880303313497,0.17835614426415713,2206.810904786667,2195.0936128866665,2195.0936128866665,2206.810904786667,1.8330949395277116,0.21925880303313497,,,COMPLETE
252,0.18032384484065578,2025-08-27 09:03:26,2025-08-27 10:34:49,0 days 01:31:23,51.21341251714417,-0.07889046200432319,14.379583042340094,-0.8379667930343171,0.7340323258296348,0.9801276513706791,1.4112833825156803,3.23662175971294,0.18032384484065578,0.15468987808796938,0.1618935705005715,0.18032384484065578,3362.642803383333,3327.79633986,3353.756265966667,3362.642803383333,2.1237301927134635,0.15468987808796938,0.1618935705005715,,COMPLETE
253,0.1228284361079381,2025-08-27 09:27:04,2025-08-27 10:58:43,0 days 01:31:39,50.36344833729074,-0.07953327920578085,14.813026305494112,-0.8613236300470211,0.9019508378178719,0.9793509698212167,1.3538398765667377,1.0155325784757836,0.1228284361079381,0.24584654297701083,0.1886113686062544,0.1228284361079381,3043.7078215799997,2868.56007528,2983.2016334666673,3043.7078215799997,1.117067849502943,0.1886113686062544,,,COMPLETE
254,0.889943525326046,2025-08-27 10:18:17,2025-08-27 13:01:14,0 days 02:42:57,51.81684479925478,-0.09181183012960005,29.534381898051684,-0.8639123846748487,1.8229976597096547,0.9791926646485971,1.3243755967762687,3.27860978176777,0.889943525326046,0.1282201216905943,0.13605274434316084,0.889943525326046,3500.975937083333,3473.131268553334,3473.131268553334,3500.975937083333,2.3270345384635838,0.1282201216905943,0.13605274434316084,,COMPLETE
255,0.3408992042172743,2025-08-27 10:19:20,2025-08-27 11:05:55,0 days 00:46:35,52.294754944288094,-0.06722167674658498,2.1947072466671784,-0.8591223597945964,4.948565761522676,0.9713306721202623,1.3377051263711153,3.356539657606458,,0.2806831666633672,,,,2322.94689704,,,,0.3408992042172743,,,PRUNED
256,0.7365755267165343,2025-08-27 10:34:49,2025-08-27 10:58:13,0 days 00:23:24,32.148351690312936,-0.1676346419313667,1.6326303700133251,-0.8104514934215471,4.633505217558078,0.7206374218126954,1.3258441454463084,3.3777458462120404,,,,,,,,,,0.7365755267165343,,,PRUNED
257,0.1730615036209181,2025-08-27 10:52:02,2025-08-27 13:42:58,0 days 02:50:56,32.073726429525536,-0.17459309453673777,1.6767960443303274,-0.8644367285984672,4.912605936484179,0.7295341726051311,1.3278755255179369,3.3907781142155944,0.1730615036209181,0.1781584826098115,0.20814127237267535,0.1730615036209181,1130.67503851,1104.2055731500002,1122.73752644,1130.67503851,1.877173870603894,0.20814127237267535,,,COMPLETE
258,0.4407864079850707,2025-08-27 10:56:21,2025-08-27 12:18:56,0 days 01:22:35,47.97798003738835,-0.17075554597527398,2.940350175691939,-0.861989700665223,1.8732095726292544,0.5581398342586201,1.30688115307765,3.392810832525969,,0.5415953771489597,,,,1232.04929456,,,,0.4407864079850707,,,PRUNED
259,0.2787269290141418,2025-08-27 10:58:13,2025-08-27 11:21:37,0 days 00:23:24,52.006321981006245,-0.18259929173782122,5.939999357428016,-0.8623679833827679,1.6794210270700614,0.48849495510007557,1.1771071855445574,3.5319482696882476,,,,,,,,,,0.2787269290141418,,,PRUNED
260,1.5561495446156108,2025-08-27 10:58:44,2025-08-27 11:54:53,0 days 00:56:09,54.306592451620645,-0.09609925710597392,6.02042022513522,-0.858102381482369,1.8091319923082787,0.9762861271168027,1.1424105093434678,1.6176770232586426,,1.5566994990558,,,,1141.00429066,,,,1.5561495446156108,,,PRUNED
261,2.277161440708364,2025-08-27 11:05:55,2025-08-27 11:35:47,0 days 00:29:52,48.26791000404285,-0.8457370561520697,5.95311368784693,-0.8824822908115628,1.4625118555544572,0.9721088252019524,1.11192471768654,1.4146972205304813,,,,,,,,,,2.277161440708364,,,PRUNED
262,0.13545340597959943,2025-08-27 11:21:37,2025-08-27 12:54:48,0 days 01:33:11,48.210579159840506,-0.09669996246682655,10.795944096534527,-0.8888623399142395,1.275813455575936,0.5681441702238827,1.1259522485746616,3.1407198678529795,0.13545340597959943,0.1834485890942087,0.1688864017827074,0.13545340597959943,2330.9175665966663,2249.4569364,2320.5126407833327,2330.9175665966663,2.1099506033499735,0.1688864017827074,,,COMPLETE
263,0.1597017515634159,2025-08-27 11:35:47,2025-08-27 13:06:56,0 days 01:31:09,54.97966699468843,-0.0917098718174286,11.309626833014313,-0.8179277993742208,0.07475180356225708,0.556847363616672,1.2557433075393143,3.147297101194512,0.1597017515634159,0.17768827918557661,0.16566100186039845,0.1597017515634159,3554.1820065666666,3515.3259407499995,3536.6081975899997,3554.1820065666666,1.4231283762940166,0.17768827918557661,0.16566100186039845,,COMPLETE
264,0.20468991319182983,2025-08-27 11:54:53,2025-08-27 13:23:11,0 days 01:28:18,34.170425195014495,-0.12344977827237727,10.690766298425345,-0.8917638228290358,0.25135789949376003,0.5663475840468803,1.2895156768322846,3.5753911643496705,0.20468991319182983,0.2231592410196733,0.18099513935620146,0.20468991319182983,1537.7629463700002,1523.7862459266664,1537.7629463700002,1537.7629463700002,1.831057247982845,0.18099513935620146,,,COMPLETE
265,1.391533030891039,2025-08-27 12:18:56,2025-08-27 13:10:04,0 days 00:51:08,50.21314953239936,-0.0516566547944211,0.1804728079936524,-0.8223046425316104,1.1323586601548197,0.9411165783714442,1.2558236898202184,3.1248488099428986,,,,,,,,,,1.391533030891039,,,PRUNED
266,0.24569025787070461,2025-08-27 12:54:48,2025-08-27 14:16:24,0 days 01:21:36,54.56913182895373,-0.07998544522123573,10.835791342946543,-0.828289148602539,1.076657786342704,0.9393764356101114,1.0119576625029878,3.173011113786661,0.24569025787070461,0.3406167483606885,0.22674968254232922,0.24569025787070461,3368.5822413200003,3018.0387565733326,3200.5227377166666,3368.5822413200003,1.628569451416232,0.22674968254232922,,,COMPLETE
267,2.3776082347204475,2025-08-27 13:01:14,2025-08-27 13:53:17,0 days 00:52:03,50.598784877499035,-0.9808583631030188,10.212362703675634,-0.8929397320476696,1.1598655896190033,0.9375359438793028,1.0748234662142313,3.623929966598213,,,,,,,,,,2.3776082347204475,,,PRUNED
268,0.35653779644023004,2025-08-27 13:10:05,2025-08-27 13:49:00,0 days 00:38:55,45.11912628478742,-0.11248434659233295,9.382027471799308,-0.8940145557063801,1.1347854023391175,0.5239146754261914,1.0769813112454696,3.5842714735168113,,,,,,,,,,0.35653779644023004,,,PRUNED
269,0.2669377396075152,2025-08-27 13:23:11,2025-08-27 14:02:52,0 days 00:39:41,45.60789541470672,-0.07065318454240975,8.412028978084283,-0.8951995495206482,1.1258591857451798,0.9333392407152598,1.0149912149042888,3.628768550481104,,0.19704210853200635,,,,2040.0287947099998,,,,0.2669377396075152,,,PRUNED
270,0.2028274916772723,2025-08-27 13:42:58,2025-08-27 16:25:22,0 days 02:42:24,44.00858223088972,-0.07287206946094787,8.810213872522928,-0.8413784428240071,1.2528161489368164,0.9274648207661058,1.0667425709622815,3.0760242028920866,0.2028274916772723,0.2763349649800127,0.21552347903933752,0.2028274916772723,2587.6985526599997,2363.492057583333,2507.0225906433334,2587.6985526599997,2.3183246404155686,0.21552347903933752,,,COMPLETE
271,0.6428456372156349,2025-08-27 13:49:00,2025-08-27 14:35:26,0 days 00:46:26,47.47855941090748,-0.07563975172648532,3.9725283351551557,-0.8362788717488084,1.1473115760150394,0.9533638387328551,1.6506341716319743,1.9242211488930314,,,,,,,,,,0.6428456372156349,,,PRUNED
272,0.27540178781325225,2025-08-27 13:53:18,2025-08-27 15:23:46,0 days 01:30:28,53.806055873452685,-0.07138459239275409,7.765391060069408,-0.8414393043320492,2.353055686668586,0.9209869423839125,2.136146623195082,1.9584890640656343,,0.2220226809490994,,,,2963.8860811033337,,,,0.27540178781325225,,,PRUNED
273,0.21738436285948767,2025-08-27 14:02:52,2025-08-27 14:42:36,0 days 00:39:44,28.11191744431012,-0.30024808343322174,3.6462007287571447,-0.8408096604965382,2.2080292097582506,0.9176991090814296,2.1462023483382975,1.9195814029181872,,0.15672993710497843,,,,742.1552557066667,,,,0.15672993710497843,0.21738436285948767,,PRUNED
274,0.25704284962725604,2025-08-27 14:16:24,2025-08-27 15:39:28,0 days 01:23:04,28.429702393858985,-0.049834080827573984,4.011519865376897,-0.8469210903090134,0.04260003894338604,0.5869474009438599,1.1821296253206133,1.0795141509098067,0.25704284962725604,0.21910523498611245,0.16275117966234454,0.25704284962725604,1520.5036495000002,1468.7995708500002,1510.0115437566667,1520.5036495000002,1.837095272744033,0.16275117966234454,,,COMPLETE
275,0.9818055735699694,2025-08-27 14:35:26,2025-08-27 15:17:03,0 days 00:41:37,38.873003882165634,-0.052980327453557456,7.414337754872715,-0.006968612839703403,2.4594702467250356,0.5914481475941881,1.161501046882568,3.4932896706214596,,,,,,,,,,0.9818055735699694,,,PRUNED
276,0.28790925946963575,2025-08-27 14:42:36,2025-08-27 16:07:05,0 days 01:24:29,60.08928325420133,-0.046151348571326786,6.848421943017945,-0.918975671159658,0.4810126865917622,0.8311543757684603,1.1851772592296161,3.489754337803617,0.28790925946963575,0.19326109276376524,0.19876925715217134,0.28790925946963575,2743.963447886666,2643.68115909,2688.7730562466663,2743.963447886666,2.267636853141068,0.19876925715217134,,,COMPLETE
277,0.2257092834770552,2025-08-27 15:17:03,2025-08-27 16:35:03,0 days 01:18:00,34.97151740354897,-0.10622897159523587,13.84935706126906,-0.922242213895517,1.9985481231830087,0.9988863731294053,1.4591368308229784,3.754217558943471,,0.1761944975981525,,,,1352.63474322,,,,0.1761944975981525,0.2257092834770552,,PRUNED
278,0.3147619379610586,2025-08-27 15:23:46,2025-08-27 16:06:01,0 days 00:42:15,60.24201565558241,-0.10634254805145114,57.956926338489204,-0.921518461289006,0.611966951151357,0.7565362903667798,1.483726808368571,3.070476503642221,,,,,,,,,,0.3147619379610586,,,PRUNED
279,0.2129186538680223,2025-08-27 15:39:28,2025-08-27 16:59:34,0 days 01:20:06,35.61153540655977,-0.10712438482142378,12.998285100568456,-0.920864308991459,0.5235452905530125,0.7636829440974774,1.4734777455600225,1.14507649969035,0.2129186538680223,0.17211167387070217,0.1502996388613839,0.2129186538680223,1469.96575562,1405.7432548533332,1469.96575562,1469.96575562,1.7581856478016347,0.1502996388613839,,,COMPLETE
280,0.25154564760152837,2025-08-27 16:06:01,2025-08-27 16:43:55,0 days 00:37:54,35.52954647740622,-0.12791076193203998,14.149818664151185,-0.9548639622651347,0.5812494622960972,0.9596153328254353,1.417132519670801,3.75356587663888,,,,,,,,,,0.25154564760152837,,,PRUNED
281,0.14363730587099724,2025-08-27 16:07:05,2025-08-27 17:26:35,0 days 01:19:30,35.01888920817739,-0.12532278927835255,13.73942726963071,-0.9534370234918426,1.7599555430336187,0.3820232856491718,1.4325181989380673,3.7269987760984464,0.14363730587099724,0.15170918861974744,0.1411296341357006,0.14363730587099724,931.7529913233334,827.0380582466665,899.9874126466667,931.7529913233334,1.3210083704073545,0.1411296341357006,,,COMPLETE
282,0.9828467383327952,2025-08-27 16:25:22,2025-08-27 17:06:58,0 days 00:41:36,34.117722747672154,-0.12760800924110433,13.533046015647539,-0.9612597070660698,1.9004581839017378,0.8046688635601879,1.3723007469642017,2.606675456870494,,,,,,,,,,0.9828467383327952,,,PRUNED
283,0.6974834011189048,2025-08-27 16:35:03,2025-08-27 17:56:24,0 days 01:21:21,25.82205878932107,-0.13199182805110712,16.50860978709865,-0.4679608976216949,2.6815145916178214,0.8066018299193738,1.3558537869871798,3.716766361576685,,1.0490849882972821,,,,1490.8261907466667,,,,0.6974834011189048,,,PRUNED
