number,value,datetime_start,datetime_complete,duration,params_A,params_B,params_C,params_D,params_Vmax,params_a_ub,params_h1,params_h2,user_attrs_IAE,user_attrs_IAE_0,user_attrs_IAE_1,user_attrs_IAE_2,user_attrs_best_mean_reward,user_attrs_best_mean_reward_0,user_attrs_best_mean_reward_1,user_attrs_best_mean_reward_2,user_attrs_sumA,system_attrs_completed_rung_0,system_attrs_completed_rung_1,system_attrs_fixed_params,state
342,0.19508071738842625,2025-08-28 23:51:24,2025-08-29 02:29:12,0 days 02:37:48,54.22750460638687,-0.09746437993459062,14.164820389998152,-0.9427794650285344,6.051796881114373,0.9768504558179384,1.3716026847888003,2.325809926319167,0.19508071738842625,0.243356241024133,0.14966249448585164,0.19508071738842625,1885.9274152733333,1687.9467564333333,1780.9047173066665,1885.9274152733333,1.831555084529728,0.14966249448585164,,,COMPLETE
343,1.1651939037339314,2025-08-29 00:19:26,2025-08-29 01:17:43,0 days 00:58:17,46.86554640000533,-0.09852304413637039,52.1178775703555,-0.9400977255831443,5.981185364901478,0.9801633074404101,2.378732066532245,2.321885946966567,,,,,,,,,,1.1651939037339314,,,PRUNED
344,0.26297257613541736,2025-08-29 00:19:27,2025-08-29 01:50:49,0 days 01:31:22,46.890025804939974,-0.28093494879852277,41.78047156497327,-0.7906512763352799,0.0002484373213269553,0.9740564570758855,1.68713828434278,2.9459548061538787,,0.141677624105779,,,,2947.23357457,,,,0.26297257613541736,,,PRUNED
345,1.5534260886238933,2025-08-29 00:19:39,2025-08-29 01:11:13,0 days 00:51:34,9.924661320730777,-0.09097940972170768,23.019140111209197,-0.7885983594239001,8.949002145101224,0.9739188966847264,1.3734242164892372,3.0760020295372374,,,,,,,,,,1.5534260886238933,,,PRUNED
346,0.2633579027219402,2025-08-29 00:27:05,2025-08-29 01:49:53,0 days 01:22:48,6.92467777777658,-0.279163969019277,22.187338787200996,-0.9024893332725915,0.002264031141813838,0.9768303655572713,1.3640443305185155,3.35213139819613,,0.23716280556032263,,,,130.84470105333335,,,,0.2633579027219402,,,PRUNED
347,1.2777910704500435,2025-08-29 00:56:59,2025-08-29 01:43:23,0 days 00:46:24,47.01439500345789,-0.09815771179863078,93.98468637209322,-0.34183374096716146,5.828419669941863,0.1965540766761863,1.3759564322620514,2.7070829713761597,,,,,,,,,,1.2777910704500435,,,PRUNED
348,1.0026852383451454,2025-08-29 01:11:13,2025-08-29 01:56:55,0 days 00:45:42,46.57433601031575,-0.10000955136557747,94.04437139466499,-0.8993509840172912,5.879490702098331,0.778214744309657,1.6853876797278986,2.312725274078602,,,,,,,,,,1.0026852383451454,,,PRUNED
349,0.41690905695246566,2025-08-29 01:17:43,2025-08-29 02:52:14,0 days 01:34:31,53.78783105030906,-0.3767801474110405,11.351445609520406,-0.899424163408972,5.325705898215001,0.7738671318691944,1.5058685657581892,2.7135377301653554,,0.48341901247571234,,,,-39.33626062000002,,,,0.41690905695246566,,,PRUNED
350,0.12352739624140734,2025-08-29 01:43:23,2025-08-29 04:18:54,0 days 02:35:31,53.03890296579928,-0.13505768029889326,11.069255534415595,-0.899280343813772,0.026837713529737073,0.7805421636004563,2.5058696814611463,1.4652188449468428,0.12352739624140734,0.21428102625681222,0.1805305786386052,0.12352739624140734,2169.512316326667,1879.427559516667,2111.072953866667,2169.512316326667,1.4511032641189445,0.1805305786386052,,,COMPLETE
351,0.16577361529833376,2025-08-29 01:50:50,2025-08-29 04:41:56,0 days 02:51:06,53.91041151570815,-0.13797747560953827,10.503365451445069,-0.8965015741970781,5.04199152785003,0.771934656148731,1.4701989999505911,3.3746056366383996,0.16577361529833376,0.21844053638229166,0.15787322286051034,0.16577361529833376,2285.921201426667,2241.21829667,2285.921201426667,2285.921201426667,1.9402261800161853,0.21844053638229166,0.15787322286051034,,COMPLETE
352,0.17248189903758962,2025-08-29 01:49:53,2025-08-29 04:25:29,0 days 02:35:36,53.42869902437073,-0.07413328453545866,10.993970695363805,-0.885199908416146,5.1061922469241345,0.7783392729951175,1.4419238281281588,1.4695596808008253,0.17248189903758962,0.1375116222190997,0.18502181871438514,0.17248189903758962,2799.0850802999994,2637.5618028133335,2704.2212231866665,2799.0850802999994,2.014532023271537,0.18502181871438514,,,COMPLETE
353,0.2222523585185382,2025-08-29 01:56:55,2025-08-29 03:18:59,0 days 01:22:04,53.3646986801748,-0.13462565395125914,11.006304704516122,-0.8764449933974808,5.197362276230116,0.7686327273821209,1.499761920902733,3.463872230063593,,0.2126631108632311,,,,2534.0271003899998,,,,0.2126631108632311,0.2222523585185382,,PRUNED
354,0.16490872180378557,2025-08-29 02:29:12,2025-08-29 05:03:50,0 days 02:34:38,35.58518400648364,-0.13373355149083907,11.612753158494028,-0.8337602578478706,3.253256957349339,0.8833052255382643,1.467758750897946,3.4795751037956566,0.16490872180378557,0.16817556984015755,0.16935023432886878,0.16490872180378557,2066.7624344833334,2052.037607173333,2052.037607173333,2066.7624344833334,1.508622188359155,0.16935023432886878,,,COMPLETE
355,0.11450794061811648,2025-08-29 02:52:14,2025-08-29 05:38:19,0 days 02:46:05,28.437721715218444,-0.13852805095877457,7.24300646742112,-0.8474021253711667,0.7552395294075553,0.9420639311672997,2.5052483633908427,3.4709390674004035,0.11450794061811648,0.14512062897320155,0.12247436446875826,0.11450794061811648,1394.2516184400001,1382.33987477,1386.3149728133337,1394.2516184400001,2.5611225693787567,0.14512062897320155,0.12247436446875826,,COMPLETE
356,0.22001291657355856,2025-08-29 03:18:59,2025-08-29 05:56:48,0 days 02:37:49,35.84147665750236,-0.0555291361877274,6.962870964030646,-0.8422623146422831,3.334994207878821,0.9408164390861111,3.242251398323713,2.443599804920885,0.22001291657355856,0.22934336468201935,0.19355292182070893,0.22001291657355856,2062.5048009666666,1996.54661,2045.6772754699998,2062.5048009666666,2.156102827774978,0.19355292182070893,,,COMPLETE
357,0.19778454788874153,2025-08-29 04:18:54,2025-08-29 06:53:46,0 days 02:34:52,50.15075335491776,-0.15294123609752536,8.548881063376498,-0.8381473998305354,13.864918362301538,0.377680190093758,4.7807330567837845,1.6246837165209707,0.19778454788874153,0.20438944926837532,0.17402904454667278,0.19778454788874153,2560.6128119699997,2462.703528546667,2502.890209556667,2560.6128119699997,1.959857823160731,0.20438944926837532,0.17402904454667278,,COMPLETE
358,0.15868251462790614,2025-08-29 04:25:29,2025-08-29 06:59:57,0 days 02:34:28,35.70945399452041,-0.1890234427598844,7.2736452162008725,-0.8483478790176575,0.5846642600903301,0.8225579006794776,1.2855075457209222,1.3155265611126632,0.15868251462790614,0.15348930086829207,0.19371045613456075,0.15868251462790614,1557.799095913333,1533.676514623333,1552.2671665499995,1557.799095913333,1.534941536299191,0.15348930086829207,0.19371045613456075,,COMPLETE
359,0.25730625893395537,2025-08-29 04:41:56,2025-08-29 07:23:08,0 days 02:41:12,50.33934605858045,-0.1932861325444019,8.654465059679048,-0.844804052058757,0.6670307390921377,0.8253717874178286,1.1217722227675706,3.6424301174355884,0.25730625893395537,0.31555121257622176,0.17862436002461646,0.25730625893395537,2257.507374393333,2163.6908217533332,2238.7676541299998,2257.507374393333,2.6477418831418813,0.17862436002461646,,,COMPLETE
360,0.13516354003749154,2025-08-29 05:03:50,2025-08-29 07:38:58,0 days 02:35:08,29.322425517110155,-0.19349042259363708,7.604002727968014,-0.854170218133835,0.6060083883121572,0.9424988910239782,4.8468637983810705,2.1155306430831358,0.13516354003749154,0.23316588826772777,0.18671797534319715,0.13516354003749154,1259.3276415466664,1235.3641701166669,1259.3276415466664,1259.3276415466664,1.4606116659621016,0.23316588826772777,0.18671797534319715,,COMPLETE
361,0.2617117939716962,2025-08-29 05:38:19,2025-08-29 07:00:10,0 days 01:21:51,28.758858828632544,-0.15828589524515718,7.8250265775235786,-0.8281438761031653,0.47413906401339573,0.940814815387418,2.5621424798231685,1.3569917454160287,,0.15214696292198018,,,,1445.8815687766667,,,,0.2617117939716962,,,PRUNED
362,0.2931660718430164,2025-08-29 05:56:48,2025-08-29 06:36:18,0 days 00:39:30,29.276441273533482,-0.1603044704227428,8.561396532074825,-0.8285438906405053,0.5409007870750646,0.9116320860643778,2.549142145703431,1.2298972011648581,,,,,,,,,,0.2931660718430164,,,PRUNED
363,0.1901266951259242,2025-08-29 06:36:18,2025-08-29 09:01:17,0 days 02:24:59,28.4336695057429,-0.11672850952229484,7.973091274646071,-0.8453972221410916,0.6799659549336513,0.8106021474222469,2.641362104960279,1.6739207501262707,0.1901266951259242,0.24170435125464226,0.16676177471335096,0.1901266951259242,1489.4605279766668,1463.3454147833334,1481.0898789233333,1489.4605279766668,2.004846409821076,0.16676177471335096,,,COMPLETE
364,0.1895972844749887,2025-08-29 06:53:46,2025-08-29 09:28:06,0 days 02:34:20,24.890956524848036,-0.11802550406983242,7.403163318126426,-0.8563840940152663,0.685194143593177,0.8275239597203128,2.6724843417311215,3.6454399371629314,0.1895972844749887,0.19860923225054075,0.18276917010799806,0.1895972844749887,1237.95536113,1206.5158600033335,1208.7615678166667,1237.95536113,2.0617387170959107,0.19860923225054075,0.18276917010799806,,COMPLETE
365,0.2511853054933519,2025-08-29 07:00:10,2025-08-29 09:38:53,0 days 02:38:43,23.84282514943006,-0.6426100755376167,6.303169011289057,-0.8048405782108743,0.7060207014150477,0.46839178917931956,2.6361756773932186,3.6802100259202857,0.2511853054933519,0.14963936843283202,0.16610072872047763,0.2511853054933519,-5.783362416666666,-30.96886334,-5.783362416666666,-5.783362416666666,1.6568183824668985,0.16610072872047763,,,COMPLETE
366,0.18996268141310466,2025-08-29 06:59:57,2025-08-29 09:34:19,0 days 02:34:22,31.703948166449024,-0.11702532485284102,9.62595304698358,-0.8653369430356335,4.46070741238982,0.9572004879923725,2.621446091071811,1.8317225459413145,0.18996268141310466,0.24092289828970245,0.13262898071280416,0.18996268141310466,1633.0288817,1625.6555473299998,1633.0288817,1633.0288817,1.245704377943473,0.24092289828970245,0.13262898071280416,,COMPLETE
367,0.17575023689374225,2025-08-29 07:23:08,2025-08-29 09:56:24,0 days 02:33:16,23.319069622361972,-0.11769357670550695,5.31386068119169,-0.8697115479042723,1.8097240158064505,0.9562519798398654,2.7095781638706864,3.546315258212186,0.17575023689374225,0.15921171010932292,0.21407888056756139,0.17575023689374225,1049.9170362833336,1037.9032114866666,1037.9032114866666,1049.9170362833336,2.0580201279995243,0.21407888056756139,,,COMPLETE
368,0.15093783752605208,2025-08-29 07:38:58,2025-08-29 10:14:22,0 days 02:35:24,24.564422569211104,-0.12447176170898255,5.953308644718295,-0.8019701316977123,0.751814499556269,0.9220324553418751,2.392592221741761,2.08117296930896,0.15093783752605208,0.15520277987883754,0.16189401299490322,0.15093783752605208,1345.5571286133334,1330.7070621199998,1333.600967223333,1345.5571286133334,2.007026910469236,0.16189401299490322,,,COMPLETE
369,0.2043984292475717,2025-08-29 09:01:17,2025-08-29 11:25:13,0 days 02:23:56,31.59933701100219,-0.18039631190497368,5.733308602537052,-0.8106267287320793,1.781801435399736,0.9141266019303799,4.950911463410607,2.085573560042789,0.2043984292475717,0.19440753083383464,0.18631072255461065,0.2043984292475717,1488.6972883,1455.99895675,1469.57841836,1488.6972883,2.5238240819364104,0.19440753083383464,0.18631072255461065,,COMPLETE
370,0.11464533804969035,2025-08-29 09:28:06,2025-08-29 12:06:45,0 days 02:38:39,31.205169569568483,-0.17221155056749704,5.308285259501384,-0.8142864571892156,1.7208616491064666,0.9267882314814997,1.9766067466180903,2.058997449691392,0.11464533804969035,0.17539929943847546,0.1852548070914213,0.11464533804969035,1438.9660278299998,1398.2986163466667,1410.0486163566668,1438.9660278299998,1.5511296600991988,0.17539929943847546,0.1852548070914213,,COMPLETE
371,0.17697446923244117,2025-08-29 09:34:20,2025-08-29 12:12:16,0 days 02:37:56,31.479275846964242,-0.17120527931609222,5.829228584431819,-0.8087497999248755,0.008297504414195044,0.9207895140725401,4.498844446747462,2.0777247571269566,0.17697446923244117,0.12868115750550468,0.15519150251653188,0.17697446923244117,1535.3787845100003,1496.964145,1514.270462403333,1535.3787845100003,1.5810345061271447,0.15519150251653188,,,COMPLETE
372,0.21911547091386327,2025-08-29 09:38:53,2025-08-29 10:55:57,0 days 01:17:04,31.056196173471495,-0.1805483818536594,4.694232216982506,-0.8159705162457361,0.1147656168268123,0.9070221067151563,4.414286339747202,2.908573559643023,,0.14209907425173857,,,,1360.7701183566667,,,,0.14209907425173857,0.21911547091386327,,PRUNED
373,0.22034147453961953,2025-08-29 09:56:24,2025-08-29 11:20:14,0 days 01:23:50,31.30011158968786,-0.17878936344087426,3.692846713202808,-0.811639849977959,1.1688936547773703,0.43190226215571403,2.3668708188478718,1.5793263003167906,,0.19375476376775014,,,,1209.8990959433334,,,,0.22034147453961953,,,PRUNED
374,1.387210054425071,2025-08-29 10:14:22,2025-08-29 10:58:06,0 days 00:43:44,30.98908997897066,-0.16732629274314006,3.45050239943944,-0.2678224109616718,0.14452364767335735,0.9069216908003422,2.517899421713631,3.7763669550959134,,,,,,,,,,1.387210054425071,,,PRUNED
375,0.2423421620493841,2025-08-29 10:55:57,2025-08-29 13:39:44,0 days 02:43:47,42.90209380695511,-0.14220100242144093,3.3559476623810633,-0.8726560665699667,23.10031011804059,0.4389455810298868,2.535743377645829,3.7721562859209827,0.2423421620493841,0.8446050059155227,0.17862663228766665,0.2423421620493841,1777.7238800000002,1727.3736774,1755.9383297333331,1777.7238800000002,1.2866796361939485,0.17862663228766665,,,COMPLETE
376,1.195079327401478,2025-08-29 10:58:07,2025-08-29 11:41:54,0 days 00:43:47,27.37472167365831,-0.14249903874075773,9.879075792383476,-0.5292864321769886,1.6824246538926855,0.4407390566389181,2.46058953525246,1.0000394986154986,,,,,,,,,,1.195079327401478,,,PRUNED
377,0.26683137675659613,2025-08-29 11:20:14,2025-08-29 12:39:51,0 days 01:19:37,27.042125800936297,-0.1450345413501123,9.90857978130331,-0.87774020838113,1.5280597933195461,0.9263135023009477,1.8949710434453453,1.8553707884933837,,0.17505387143007123,,,,1230.7812180966666,,,,0.26683137675659613,,,PRUNED
378,0.24188777251712323,2025-08-29 11:25:13,2025-08-29 12:40:45,0 days 01:15:32,21.307969183786682,-0.14061026077869104,10.019916920027176,-0.8805021500252644,2.715630801671834,0.9483859140911379,1.133848308597791,3.5429556698368954,,0.2145646993352448,,,,947.0663412633334,,,,0.24188777251712323,,,PRUNED
379,0.2544404773546836,2025-08-29 11:41:54,2025-08-29 12:21:38,0 days 00:39:44,20.940109955127063,-0.14406666723541434,13.103948514813144,-0.8750486559083953,2.711038336310902,0.9440051943378716,4.632127863984768,2.793088854809688,,,,,,,,,,0.2544404773546836,,,PRUNED
380,0.19083832903066547,2025-08-29 12:06:45,2025-08-29 14:41:35,0 days 02:34:50,33.815378083767705,-0.14337705533586775,3.797804818907114,-0.8223069450665825,2.5522390857487665,0.8817132776170667,2.1888807934137886,2.177710223799245,0.19083832903066547,0.1577854177123719,0.17068224529436873,0.19083832903066547,1533.70680495,1502.7288074199998,1513.5446669466664,1533.70680495,1.9062763965524943,0.17068224529436873,,,COMPLETE
381,0.4912491456320209,2025-08-29 12:12:16,2025-08-29 12:51:44,0 days 00:39:28,33.39177228841665,-0.22128710369855448,1.9835487164295866,-0.7699445306007017,2.2940926897143923,0.7937020341461395,1.9777163877515358,1.8960947762141978,,,,,,,,,,0.4912491456320209,,,PRUNED
382,0.16964061808341377,2025-08-29 12:21:38,2025-08-29 14:57:07,0 days 02:35:29,43.65660050788938,-0.20760013377195663,2.726457281267553,-0.8299694350703442,1.1434209373035054,0.865049466962001,1.7597726457542415,2.1765231952560393,0.16964061808341377,0.14337366967513504,0.12405230953148537,0.16964061808341377,1574.0712922699997,1533.63045032,1559.8503370999997,1574.0712922699997,1.7987341245718784,0.12405230953148537,,,COMPLETE
383,1.7456843254927452,2025-08-29 12:39:51,2025-08-29 13:36:57,0 days 00:57:06,33.8928805865874,-0.5234904629972686,1.7682637592622803,-0.8270502558554804,2.308493684754863,0.6753761242467717,2.24161559003128,2.1397970568013682,,,,,,,,,,1.7456843254927452,,,PRUNED
384,0.6742935151782503,2025-08-29 12:40:45,2025-08-29 14:16:08,0 days 01:35:23,29.145518371616436,-0.16605591131612368,2.997990855139593,-0.8339986256420163,15.599101645374391,0.8897613264277664,2.7886197078496178,2.2095162394355286,,0.6459509144126309,,,,1542.6651476433335,,,,0.6742935151782503,,,PRUNED
385,0.1845473363270418,2025-08-29 12:51:44,2025-08-29 15:27:00,0 days 02:35:16,42.55635037550967,-0.2024436177499373,2.9567785696909796,-0.7482370771875644,1.062900688847706,0.855540056959557,2.470476080941508,1.707286336860927,0.1845473363270418,0.1882981103241627,0.15523690607716858,0.1845473363270418,1808.0607090366668,1755.525163823333,1781.35661375,1808.0607090366668,2.1452076740009742,0.1882981103241627,0.15523690607716858,,COMPLETE
386,0.174510779224923,2025-08-29 13:36:57,2025-08-29 16:11:51,0 days 02:34:54,28.920882706467857,-0.21142618959915455,6.452726781671475,-0.8496619599693986,1.0344055149060634,0.7207044309766365,2.484321751443318,1.7271570728832202,0.174510779224923,0.16966693776757658,0.1473167463130273,0.174510779224923,1132.8905445133332,1110.6334440233334,1123.3466197266669,1132.8905445133332,2.0564833521404817,0.1473167463130273,,,COMPLETE
387,0.21061422228495427,2025-08-29 13:39:44,2025-08-29 15:01:01,0 days 01:21:17,28.95896892856452,-0.19589799126357899,7.084689362105502,-0.8481483843857643,1.1569658664623164,0.8659203777263829,2.0308071203393556,1.2239980386979001,,0.12001790491596505,,,,1217.8601717133333,,,,0.12001790491596505,0.21061422228495427,,PRUNED
388,0.2911801873510659,2025-08-29 14:16:08,2025-08-29 14:55:43,0 days 00:39:35,38.20357244582575,-0.18839974220666014,7.283178591887943,-0.8562136406815428,1.0858875733755635,0.8582180851882371,1.810597186767286,1.7226585979700961,,,,,,,,,,0.2911801873510659,,,PRUNED
389,0.37098095899686984,2025-08-29 14:41:35,2025-08-29 16:09:28,0 days 01:27:53,29.57465688533991,-0.10716237673052931,7.839788020787484,-0.7450769581531587,1.1965622035949546,0.6886517859572812,2.919427835341688,1.496089872293215,,0.8712791327984514,,,,1429.89210966,,,,0.37098095899686984,,,PRUNED
390,0.17511650530065723,2025-08-29 14:55:43,2025-08-29 17:16:44,0 days 02:21:01,32.699132411288005,-0.1982876957093553,9.458370993072519,-0.8433646774309316,1.1877207847038935,0.7257194649787095,2.0806360591756548,1.1295634290808916,0.17511650530065723,0.19007438972187263,0.1752019314342441,0.17511650530065723,1526.40058348,1503.1274204433332,1526.40058348,1526.40058348,2.110019727596477,0.1752019314342441,,,COMPLETE
391,0.2478215546706497,2025-08-29 14:57:07,2025-08-29 16:15:09,0 days 01:18:02,29.862324091956282,-0.20161035330052762,7.555652681351261,-0.8495958473944603,1.7289776011759992,0.7182916928586066,1.999410029487654,1.4751407802838459,,0.19463565085907364,,,,1231.336368673333,,,,0.19463565085907364,0.2478215546706497,,PRUNED
392,0.1628052280116377,2025-08-29 15:01:01,2025-08-29 17:34:57,0 days 02:33:56,33.078009952019066,-0.10688354849765493,9.01392936386482,-0.9550351025756603,1.8563082144136298,0.6883097119951369,1.605586320758653,3.396684499727122,0.1628052280116377,0.16133283103626062,0.18888740804522045,0.1628052280116377,1058.1458734666667,1016.6166212933332,1040.7374746233336,1058.1458734666667,1.4137826989105005,0.18888740804522045,,,COMPLETE
393,0.29114367208204833,2025-08-29 15:27:00,2025-08-29 16:06:38,0 days 00:39:38,29.684050135651113,-0.11501235334173832,9.241009348644189,-0.7827667487143013,18.7871911486121,0.7152787993680411,1.168022567581212,1.0934493234680738,,,,,,,,,,0.29114367208204833,,,PRUNED
394,0.23459331932866526,2025-08-29 16:06:38,2025-08-29 18:41:26,0 days 02:34:48,32.40967152974781,-0.16292432347443084,6.621571085543865,-0.852051985737586,1.8104562028283757,0.31550518904885083,2.3700436783936207,1.4686463513225827,0.23459331932866526,0.22341391206759117,0.19275258413834948,0.23459331932866526,1438.6809863400001,1404.0305290533333,1431.1820487066664,1438.6809863400001,1.5829413964079464,0.19275258413834948,,,COMPLETE
395,0.15311527455357385,2025-08-29 16:09:28,2025-08-29 18:47:30,0 days 02:38:02,32.28858402343398,-0.1689404678832011,13.237333797595468,-0.9312248592113804,1.91390716165659,0.7351794508118267,2.1042590942431154,1.4230932571796875,0.15311527455357385,0.18251629593652377,0.17837255487399895,0.15311527455357385,923.7237913700001,770.3500765266668,885.4965402733334,923.7237913700001,1.3713954375117587,0.18251629593652377,0.17837255487399895,,COMPLETE
396,0.14013679067651452,2025-08-29 16:11:51,2025-08-29 18:54:25,0 days 02:42:34,32.551860893242825,-0.12775976938773892,12.416844678234616,-0.9524400118337718,1.7665089268549168,0.9374340557836948,2.341519102154656,3.4320955509419537,0.14013679067651452,0.23983033552243072,0.18718025927270246,0.14013679067651452,899.5303859966667,867.0310733966667,867.0310733966667,899.5303859966667,1.445165383162194,0.18718025927270246,,,COMPLETE
397,2.536693892797803,2025-08-29 16:15:09,2025-08-29 17:02:31,0 days 00:47:22,35.536096502306215,-0.16049643569967842,12.859814968457368,-0.950534784892564,29.820642908810076,0.9371584491900894,3.4426065484610686,3.2964000887840172,,,,,,,,,,2.536693892797803,,,PRUNED
398,0.25246375359999934,2025-08-29 17:02:31,2025-08-29 18:20:38,0 days 01:18:07,32.505122056356655,-0.12935872533774728,11.445674180124911,-0.9361040466593302,2.0931773568131673,0.7550722239613501,1.608630445267935,3.083704667779326,,0.16903439774662335,,,,922.5435563433333,,,,0.16903439774662335,0.25246375359999934,,PRUNED
399,1.922823873508926,2025-08-29 17:16:44,2025-08-29 18:50:51,0 days 01:34:07,32.91919348293735,-0.125069654880877,0.10184657573896194,-0.9246655320982262,21.724005559349724,0.9615998387430673,1.0080815635601585,3.430141182735186,,2.05665080781344,,,,2196.4664279333338,,,,1.922823873508926,,,PRUNED
