number,value,datetime_start,datetime_complete,duration,params_A,params_B,params_C,params_D,params_Vmax,params_a_ub,params_h1,params_h2,user_attrs_IAE,user_attrs_IAE_0,user_attrs_IAE_1,user_attrs_IAE_2,user_attrs_best_mean_reward,user_attrs_best_mean_reward_0,user_attrs_best_mean_reward_1,user_attrs_best_mean_reward_2,user_attrs_sumA,system_attrs_completed_rung_0,system_attrs_completed_rung_1,system_attrs_fixed_params,state
0,0.8208753370569712,2025-08-24 04:34:02,2025-08-24 05:17:20,0 days 00:43:18,67.17593308838977,-0.129596286938239,86.99569839206005,-0.15823341178800432,0.22350378754687816,0.4565824737282296,3.780851587461268,2.7487224570342326,,,,,,,,,,0.8208753370569712,,,PRUNED
1,0.5287235290729383,2025-08-24 04:34:24,2025-08-24 05:55:35,0 days 01:21:11,56.72860160574887,-0.652501069628228,35.184012690708165,-0.21086939296979257,0.09838290202708433,0.5867032273112462,1.8348984914681399,2.786977956193179,,0.7696999885339135,,,,1962.8243278500001,,,,0.5287235290729383,,,PRUNED
2,0.6510547520467553,2025-08-24 04:34:30,2025-08-24 05:13:25,0 days 00:38:55,13.460493243770022,-0.7465060736051305,30.337166488324698,-0.20320484999997868,6.558485422858796,0.21391735134785173,2.6475733695066497,1.989348242148322,,,,,,,,,,0.6510547520467553,,,PRUNED
3,0.8518771418545151,2025-08-24 04:48:29,2025-08-24 06:08:39,0 days 01:20:10,15.219008013634994,-0.1313716714651545,27.75337123795657,-0.0897174794755553,7.535638140237668,0.4066823592337213,3.5987364754197615,2.5609233053928744,,0.8748408799593183,,,,1314.9113618166666,,,,0.8518771418545151,,,PRUNED
4,2.501924981082773,2025-08-24 04:48:38,2025-08-24 05:35:49,0 days 00:47:11,15.036551748012739,-0.7212175127445475,21.671601959270692,-0.9842603223338304,18.521306264072145,0.7821152331117058,4.353314525330899,1.1266491391655493,,,,,,,,,,2.501924981082773,,,PRUNED
5,0.9839529435148825,2025-08-24 04:48:43,2025-08-24 06:16:40,0 days 01:27:57,63.128583815548964,-0.12081837792273575,28.381209913090323,-0.2137466168511949,4.954158715974597,0.7532757364137572,2.311896995568259,4.886073674940006,,1.591972677141042,,,,4217.932032403333,,,,0.9839529435148825,,,PRUNED
6,0.21879908065108364,2025-08-24 05:13:25,2025-08-24 05:49:52,0 days 00:36:27,78.39578012399403,-0.21162327043444362,21.156410587155015,-0.7954538597048832,22.12607209517331,0.5926643628380032,2.7501421900441834,1.2522358169016896,,,,,,,,,,0.21879908065108364,,,PRUNED
7,0.38678743470791516,2025-08-24 05:17:20,2025-08-24 06:32:21,0 days 01:15:01,45.79970624093771,-0.6563177849854867,34.04226952823171,-0.6378453147255679,19.528389671863955,0.5987428012475132,2.6137582557330425,4.606706483954596,,0.29565181320135664,,,,1941.13569041,,,,0.38678743470791516,,,PRUNED
8,0.5524215174625657,2025-08-24 05:35:49,2025-08-24 06:58:36,0 days 01:22:47,76.1719795181705,-0.5340312072371611,40.18968947770634,-0.41289642009057204,25.196820347854867,0.08022290519922504,3.4524535753195122,1.0407528439771525,,0.5430204284983036,,,,3515.66160032,,,,0.5524215174625657,,,PRUNED
9,0.6251603625574983,2025-08-24 05:49:52,2025-08-24 06:36:18,0 days 00:46:26,54.52095524779923,-0.12601680682199035,17.13157555383734,-0.2169364825694311,14.872338389967673,0.11628044668685811,2.1033994334263113,1.703823124152196,,,,,,,,,,0.6251603625574983,,,PRUNED
10,0.24919724293780462,2025-08-24 05:55:35,2025-08-24 07:14:38,0 days 01:19:03,63.50689973198376,-0.7327407053337398,37.20511220337946,-0.8034189354946212,16.365068632617643,0.507618471653492,3.5690741266695345,3.0932345688368623,,0.23467626863965615,,,,740.1245117833333,,,,0.24919724293780462,,,PRUNED
11,0.460303799803893,2025-08-24 06:08:39,2025-08-24 06:49:13,0 days 00:40:34,40.251682053360526,-0.5428190208840512,72.05271133249954,-0.45509203191915226,22.18203192284036,0.06432422207716837,2.3262632477933516,3.966770122144282,,,,,,,,,,0.460303799803893,,,PRUNED
12,0.17165573163861758,2025-08-24 06:16:40,2025-08-24 07:36:04,0 days 01:19:24,58.54473824465979,-0.20428073095520527,7.426139934572129,-0.6933994372830398,5.217977816659557,0.7216141416956656,3.3221341983342905,3.3582527375228173,,0.17032980911701692,,,,3631.9132256733337,,,,0.17165573163861758,,,PRUNED
13,0.39962837954590996,2025-08-24 06:32:22,2025-08-24 07:14:40,0 days 00:42:18,48.938289119327216,-0.5239722598311471,54.20832089200034,-0.24036199612227782,18.674291883644603,0.07509898611084931,1.2402753289717166,3.7353450344190877,,,,,,,,,,0.39962837954590996,,,PRUNED
14,1.3445154340964718,2025-08-24 06:36:18,2025-08-24 08:01:53,0 days 01:25:35,43.94727072767836,-0.4016094184265492,45.25284016465119,-0.12111550481142475,18.195874665928294,0.27416251557979177,1.1036264911901799,4.630356097239591,,1.1277130973160392,,,,2298.304495343333,,,,1.3445154340964718,,,PRUNED
15,0.3886001560152121,2025-08-24 06:49:13,2025-08-24 07:28:56,0 days 00:39:43,97.78203072438845,-0.9897683190882354,57.22694635431753,-0.6066651696033845,13.217148091888134,0.988980845084209,1.2607821226420528,3.88685587879758,,,,,,,,,,0.3886001560152121,,,PRUNED
16,0.4798332450795752,2025-08-24 06:58:36,2025-08-24 08:21:34,0 days 01:22:58,42.4476684991253,-0.8183532700067114,61.5883953323477,-0.6602418446457118,13.300887405258763,0.6162890694719372,1.0762709566720439,3.660196368926856,,1.0289882626353637,,,,707.4997974066667,,,,0.4798332450795752,,,PRUNED
17,0.24166492663312159,2025-08-24 07:14:38,2025-08-24 07:53:28,0 days 00:38:50,99.92381744096973,-0.9012946166934683,54.7380744755188,-0.6920004066371639,13.37268099234467,0.32974311764186104,4.917378813743861,3.990339930693945,,,,,,,,,,0.24166492663312159,,,PRUNED
18,0.3476061397937456,2025-08-24 07:14:40,2025-08-24 07:51:33,0 days 00:36:53,93.6051047951412,-0.9436653779896711,56.04104941213334,-0.691808943731942,13.030127781400445,0.9538418315503565,4.9891233830927915,4.744464613612673,,,,,,,,,,0.3476061397937456,,,PRUNED
19,2.323350371095411,2025-08-24 07:28:56,2025-08-24 09:05:24,0 days 01:36:28,33.63160901925545,-0.9052475961318537,2.4872502973410917,-0.6889146876238159,28.68744463883007,0.32003253600513687,4.852342199025344,4.8910330832975415,,2.480215979137823,,,,831.6240876900001,,,,2.323350371095411,,,PRUNED
20,1.2290462866671408,2025-08-24 07:36:04,2025-08-24 08:20:29,0 days 00:44:25,28.096455673287544,-0.3115350883284268,2.1655579932150744,-0.8454011237946777,10.835212805477578,0.7960813347257389,4.653442592760014,3.2661357172002643,,,,,,,,,,1.2290462866671408,,,PRUNED
21,2.591949133526453,2025-08-24 07:51:33,2025-08-24 09:26:20,0 days 01:34:47,28.851087849004298,-0.324671829031909,0.603773165304724,-0.858635227740741,28.441049116410685,0.3003435482080613,3.2422333912266734,3.3032609381991795,,1.9843812302547559,,,,1988.6617706166664,,,,2.591949133526453,,,PRUNED
22,1.1526715647716994,2025-08-24 07:53:28,2025-08-24 08:32:08,0 days 00:38:40,79.4551544209412,-0.3257497178123688,0.14510741405540273,-0.9269076297166196,9.746062197520253,0.7675001880593635,3.21644375601699,3.38374553686548,,,,,,,,,,1.1526715647716994,,,PRUNED
23,1.2303048858741503,2025-08-24 08:01:53,2025-08-24 09:36:57,0 days 01:35:04,32.90018582744537,-0.3389093727799346,1.186537859616453,-0.8938210907442914,8.85606357910073,0.7645000595336086,3.1947364164268826,3.270130167507016,,1.653866555840281,,,,760.5240032466667,,,,1.2303048858741503,,,PRUNED
24,2.273520897423203,2025-08-24 08:20:29,2025-08-24 09:07:29,0 days 00:47:00,33.89675140821731,-0.3055799713270832,0.017434062586406895,-0.9888949249772874,10.212526850910784,0.7203044953854274,3.26058739110529,3.230202921107969,,,,,,,,,,2.273520897423203,,,PRUNED
25,1.8325653239093505,2025-08-24 08:21:34,2025-08-24 09:57:42,0 days 01:36:08,78.97087590606165,-0.3990617939332004,3.879930787041257,-0.9670834274598916,29.244662231121477,0.6911679319229256,3.1405442994209065,3.306081142354583,,2.372630356463336,,,,1062.4845176633335,,,,1.8325653239093505,,,PRUNED
26,1.773377664658663,2025-08-24 08:32:08,2025-08-24 09:16:02,0 days 00:43:54,29.957788224056614,-0.6410841853677507,14.294281116617402,-0.5953254353223306,29.3571497392897,0.6613160053924938,4.095572714496475,4.427115681089358,,,,,,,,,,1.773377664658663,,,PRUNED
27,1.8199993945160688,2025-08-24 09:05:24,2025-08-24 10:41:24,0 days 01:36:00,0.10877894393789234,-0.6245274419196818,11.759475606070403,-0.5861212295090414,16.836458834842517,0.662904095963692,3.979168774206724,4.314132447540395,,2.3903158644578286,,,,1043.5228617100001,,,,1.8199993945160688,,,PRUNED
28,0.3476926953377457,2025-08-24 09:07:29,2025-08-24 11:43:31,0 days 02:36:02,65.13376549285044,-0.6168999433574571,15.879668270440561,-0.5480738607240416,21.855389628396765,0.5035194740631974,4.102734683874467,4.354656342971042,0.3476926953377457,0.31945400833698284,0.33797256764622835,0.3476926953377457,2701.8059003900003,2671.282761026667,2675.78147362,2701.8059003900003,2.267809793556187,0.33797256764622835,,,COMPLETE
29,0.20964952411942586,2025-08-24 09:16:02,2025-08-24 10:29:34,0 days 01:13:32,68.20359133797773,-0.4166280706249784,11.227549475557492,-0.8128291286039294,16.95984674052139,0.49717329442281394,2.863738634906607,2.2418905627100045,,0.24720714031016375,,,,2037.4004295466668,,,,0.24720714031016375,0.20964952411942586,,PRUNED
30,1.1159403490946704,2025-08-24 09:26:20,2025-08-24 10:09:51,0 days 00:43:31,67.43268797137908,-0.0037202443016927933,10.360611675982831,-0.5446213324453284,17.126182675639914,0.5051147929887119,2.805702327721755,2.4551300786597245,,,,,,,,,,1.1159403490946704,,,PRUNED
31,0.9373155321539642,2025-08-24 09:36:57,2025-08-24 10:55:43,0 days 01:18:46,69.83221858275631,-0.0002372455382277927,11.460566591643794,-0.7737380777434482,3.65162714922387,0.8776457643112288,2.778681139274475,2.227730225968371,,0.6798973803819175,,,,2631.2616910166666,,,,0.9373155321539642,,,PRUNED
32,2.3370174020452947,2025-08-24 09:57:42,2025-08-24 10:45:02,0 days 00:47:20,0.5909646162669873,-0.6510377622470739,43.92756416807053,-0.7784323392264307,4.083196254236572,0.5295291680069338,2.826868507635766,2.3265269617550186,,,,,,,,,,2.3370174020452947,,,PRUNED
33,0.28385185452782996,2025-08-24 10:09:51,2025-08-24 12:39:45,0 days 02:29:54,88.16488948475407,-0.6160985083376439,43.692030977512154,-0.7620204950750503,21.080092652867457,0.8699950384563763,3.930771934882034,4.338395300041688,0.28385185452782996,0.20067297125657038,0.2913523099055371,0.28385185452782996,3005.8164710399997,2827.1305973799995,3005.8164710399997,3005.8164710399997,2.000701496969178,0.2913523099055371,,,COMPLETE
34,0.34163060978125603,2025-08-24 10:29:34,2025-08-24 11:50:11,0 days 01:20:37,67.24206367399766,-0.4662391529912533,82.48659641852463,-0.7280390893188191,3.721787490386955,0.5031961525288466,3.817236977991668,2.1631780284907816,,0.33891622183054704,,,,3001.6277050266667,,,,0.33891622183054704,0.34163060978125603,,PRUNED
35,0.2327649455065567,2025-08-24 10:41:24,2025-08-24 13:17:34,0 days 02:36:10,67.56580239508935,-0.4631162481936529,73.23894141863886,-0.7745857341203081,3.8142863262663016,0.4692647862361266,3.784331393538771,2.130725349551931,0.2327649455065567,0.30744645261943,0.27394731665469857,0.2327649455065567,3146.1009470299996,3139.3833699699994,3142.5496774966664,3146.1009470299996,1.4815210707821083,0.27394731665469857,,,COMPLETE
36,0.2516310741571368,2025-08-24 10:45:02,2025-08-24 12:03:03,0 days 01:18:01,67.74580837551568,-0.45552778581546627,98.10790987809565,-0.7678023834892691,20.961512336559068,0.3908558921927415,3.7097762664429865,2.9321215499267144,,0.2853902699614887,,,,3208.2283026500004,,,,0.2853902699614887,0.2516310741571368,,PRUNED
37,0.190424922880833,2025-08-24 10:55:43,2025-08-24 13:24:21,0 days 02:28:38,59.31134004322635,-0.43419464857461115,35.42232798830016,-0.7532237004338959,21.024601279987305,0.4475806512368001,3.6969143364133004,2.862277592919079,0.190424922880833,0.19888585644757564,0.2748741689571695,0.190424922880833,3070.968427856667,3005.425007823333,3070.968427856667,3070.968427856667,1.7162467874669673,0.2748741689571695,,,COMPLETE
38,0.69085891163521,2025-08-24 11:43:31,2025-08-24 14:34:21,0 days 02:50:50,59.86870984786012,-0.4669873208030989,91.84328776680923,-0.3165598102980686,21.13834937252832,0.42035260239634303,3.833521659162704,2.7602664037679476,0.69085891163521,0.8483326750139181,0.42126952294798475,0.69085891163521,3234.009859493334,2658.0166912033337,2754.7509563500003,3234.009859493334,1.1029638462085745,0.42126952294798475,,,COMPLETE
39,0.45584250214968364,2025-08-24 11:50:12,2025-08-24 13:06:00,0 days 01:15:48,59.22438758326787,-0.7744176187466217,22.314692424767895,-0.3036792525399984,22.509312692360822,0.42340157475838275,3.605203585178156,2.934627509032583,,0.44110807033468075,,,,1364.5904889233334,,,,0.44110807033468075,0.45584250214968364,,PRUNED
40,0.3735006608470643,2025-08-24 12:03:03,2025-08-24 14:39:13,0 days 02:36:10,56.784557985795345,-0.747534503909649,23.00706784536265,-0.417536808671207,25.338480827247725,0.42924539693991126,4.242560716032543,2.7075397364681213,0.3735006608470643,0.35147065111516335,0.4698398368242991,0.3735006608470643,1517.7200137700002,1508.3147591766667,1508.3147591766667,1517.7200137700002,1.4843470116519366,0.4698398368242991,,,COMPLETE
41,0.689343188320612,2025-08-24 12:39:45,2025-08-24 13:21:15,0 days 00:41:30,88.53964274034568,-0.2211827831706098,23.77823280967624,-0.31565603544663995,25.113802323746498,0.9090395705640217,4.431941506795878,2.736669382300482,,,,,,,,,,0.689343188320612,,,PRUNED
42,0.8349285737881192,2025-08-24 13:06:00,2025-08-24 14:26:49,0 days 01:20:49,86.92336516900077,-0.17860305508808832,24.251578376427045,-0.4986451279978692,24.881821712242264,0.8537486441096067,4.288149763485025,4.243582508538992,,1.5225987665302734,,,,3684.177228983333,,,,0.8349285737881192,,,PRUNED
43,0.40081323029634675,2025-08-24 13:17:34,2025-08-24 14:36:07,0 days 01:18:33,86.79566220175121,-0.5849302186157668,70.75266937473376,-0.511453825147075,1.294256769476346,0.840563878323398,4.347775134919502,4.225660596293847,,0.2315818586154116,,,,3630.911392886667,,,,0.2315818586154116,0.40081323029634675,,PRUNED
44,0.3674384833310897,2025-08-24 13:21:15,2025-08-24 15:51:34,0 days 02:30:19,55.75759347451176,-0.5825550846546772,67.33956641655135,-0.5004068814631248,1.8306879919600036,0.819905632410993,4.023649129363953,4.1672606051326655,0.3674384833310897,0.47961042256037784,0.4217751184438234,0.3674384833310897,2352.3649974166665,2347.7029056866663,2350.1088458199997,2352.3649974166665,1.7798103044278146,0.4217751184438234,,,COMPLETE
45,0.24197628271702246,2025-08-24 13:24:21,2025-08-24 14:40:43,0 days 01:16:22,84.7060348541284,-0.5834393241095885,66.07241037284926,-0.5261264066642803,24.207303596660495,0.18051290713938756,4.258382152875198,1.6489986644395684,,0.2630389532240654,,,,3535.4069886166667,,,,0.2630389532240654,0.24197628271702246,,PRUNED
46,0.28167266280114484,2025-08-24 14:26:49,2025-08-24 16:55:34,0 days 02:28:45,56.31010810978833,-0.5599100580278835,68.66891078333224,-0.7170927564458375,1.8849447839047646,0.21661786238839867,3.922364472478452,1.7322126803753957,0.28167266280114484,0.1756001745828721,0.25053087392780404,0.28167266280114484,2264.7685090733335,2260.5725822433337,2260.5725822433337,2264.7685090733335,2.058841062211462,0.25053087392780404,,,COMPLETE
47,1.769779003360816,2025-08-24 14:34:21,2025-08-24 15:22:07,0 days 00:47:46,54.12556562933568,-0.5824296915715808,99.70417510727547,-0.026329176190810988,20.24818834413011,0.18520111084498653,3.995513709579514,2.7105950259867715,,,,,,,,,,1.769779003360816,,,PRUNED
48,0.5175547814555036,2025-08-24 14:36:07,2025-08-24 15:21:04,0 days 00:44:57,54.14645580817444,-0.5599880843378771,97.97075923629896,-0.31647878752034075,20.406523223070142,0.21990571171190298,4.000695244483498,1.7895649450612572,,,,,,,,,,0.5175547814555036,,,PRUNED
49,0.4653640939641042,2025-08-24 14:39:13,2025-08-24 17:17:54,0 days 02:38:41,52.993416501547635,-0.5896952585753217,34.87680427993819,-0.3927485613688054,23.803399600289737,0.22070656694080093,4.114956505816656,1.547848460901922,0.4653640939641042,0.4702493221684905,0.3611609689761803,0.4653640939641042,2257.2646487099996,2227.7771831433333,2257.2646487099996,2257.2646487099996,1.6498517820560012,0.3611609689761803,,,COMPLETE
50,0.5572491339517536,2025-08-24 14:40:43,2025-08-24 15:56:13,0 days 01:15:30,74.02239159183141,-0.7207459468337557,32.127415408160566,-0.4357142651151228,26.595745658066207,0.37026776458620275,4.035238708379484,1.8280168156048853,,0.4894461632284062,,,,2164.5792685566666,,,,0.5572491339517536,,,PRUNED
51,0.3748522793458952,2025-08-24 15:21:04,2025-08-24 16:40:38,0 days 01:19:34,72.34515430924527,-0.8070473773852344,32.996504016039296,-0.3852486457726768,26.50962600609985,0.3588767866979404,4.55982285443274,2.6077004761601126,,0.4200455249297777,,,,1465.3832933433334,,,,0.4200455249297777,0.3748522793458952,,PRUNED
52,0.6930646109099433,2025-08-24 15:22:07,2025-08-24 16:41:47,0 days 01:19:40,74.69231250871218,-0.7025879386260803,33.43132961396219,-0.41142865764389064,26.76987701253535,0.3641589130493774,4.480075586796769,2.0182805287272556,,0.5226638945640545,,,,2262.8924343666663,,,,0.6930646109099433,,,PRUNED
53,0.47607585759518,2025-08-24 15:51:34,2025-08-24 16:30:07,0 days 00:38:33,72.32158435768744,-0.7079278951111212,80.04063883355215,-0.46208318350790956,0.04815087198257828,0.5673014869657469,4.667404504677204,1.514121978942439,,,,,,,,,,0.47607585759518,,,PRUNED
54,0.8087283884179,2025-08-24 15:56:13,2025-08-24 17:12:17,0 days 01:16:04,50.278605160765835,-0.49859264601148057,81.76981960337959,-0.3701041007427465,1.5519139981186076,0.45537199864829336,4.545717728996153,1.3674708296468454,,1.4044657682190183,,,,2461.09618327,,,,0.8087283884179,,,PRUNED
55,0.2587537407825249,2025-08-24 16:30:07,2025-08-24 17:45:40,0 days 01:15:33,49.349966943198375,-0.5054301458599486,49.11304570601084,-0.7364817809210483,1.6918396734425227,0.4668394300278357,3.500835846181763,3.5558768637752554,,0.16578530895247706,,,,2192.896173493333,,,,0.16578530895247706,0.2587537407825249,,PRUNED
56,0.4189492394513616,2025-08-24 16:40:38,2025-08-24 19:23:08,0 days 02:42:30,49.11942211420555,-0.6861379740399708,47.4217082106388,-0.3734141948050983,1.8994535898353113,0.43625966387585124,3.4529180546567275,3.582883206819277,0.4189492394513616,0.6291990681111249,0.49601440028322363,0.4189492394513616,1556.1923521233332,1550.236833553333,1551.16042957,1556.1923521233332,1.7018654874479484,0.49601440028322363,,,COMPLETE
57,0.20010808125993088,2025-08-24 16:41:48,2025-08-24 17:59:39,0 days 01:17:51,49.2532026336612,-0.4959215699889613,49.188142240692386,-0.7333944909361244,23.267649136794162,0.46838260428888145,4.181013406043127,4.096049608952632,,0.23464324002501644,,,,2490.3787057700006,,,,0.23464324002501644,0.20010808125993088,,PRUNED
58,0.25102759962283244,2025-08-24 16:55:34,2025-08-24 18:16:25,0 days 01:20:51,49.07558071817034,-0.5108275083812535,49.484517880016845,-0.7316456353780074,1.9838054212601577,0.021399765646405222,3.433958050495775,1.367487907854868,,0.22889250102653322,,,,2147.385941006667,,,,0.22889250102653322,0.25102759962283244,,PRUNED
59,0.22950088497533172,2025-08-24 17:12:17,2025-08-24 19:41:52,0 days 02:29:35,63.75401904467844,-0.5049758202118032,74.00102826565059,-0.725703366511395,6.2195547512999845,0.029081910902021668,3.5551591739498667,4.541142907062646,0.22950088497533172,0.27074091063836386,0.25389669185582187,0.22950088497533172,2877.455962616667,2877.3488503833337,2877.3488503833337,2877.455962616667,2.3157152082267785,0.25389669185582187,,,COMPLETE
60,0.2869384098623864,2025-08-24 17:17:54,2025-08-24 18:36:41,0 days 01:18:47,60.90840785595234,-0.4989114549037321,48.198317482161585,-0.6323606581600304,7.632635704930859,0.0099040526984161,3.398342957668006,4.517144270379086,,0.27150636739698336,,,,2980.7697760099995,,,,0.27150636739698336,0.2869384098623864,,PRUNED
61,0.3239251789240458,2025-08-24 17:45:40,2025-08-24 20:17:46,0 days 02:32:06,63.36596980810723,-0.3693587293485959,75.61400223557031,-0.6397187704988601,5.706494378978498,0.014503230214494761,3.7096418066053993,4.056178638216693,0.3239251789240458,0.2565085502436988,0.3221915987463127,0.3239251789240458,3933.4893588733335,3928.14005045,3928.14005045,3933.4893588733335,2.144796897162777,0.3221915987463127,,,COMPLETE
62,0.31397213474792535,2025-08-24 17:59:39,2025-08-24 20:34:04,0 days 02:34:25,63.51433285178994,-0.3648413947436278,73.31314901940229,-0.643423640464996,6.7571874454801435,0.5532380679214963,3.674751577503319,4.492268262560061,0.31397213474792535,0.28669219159188547,0.20365003225415124,0.31397213474792535,3996.8445403033334,3986.860146903333,3994.620929753333,3996.8445403033334,1.7697556197828528,0.28669219159188547,0.20365003225415124,,COMPLETE
63,0.27890786550703656,2025-08-24 18:16:25,2025-08-24 20:58:12,0 days 02:41:47,62.71098799662922,-0.4253724967887082,74.67048572748544,-0.65172257345177,6.371270568601938,0.2675648645998042,3.6905468071940013,4.64045267579778,0.27890786550703656,0.34972719359274734,0.2586041008940483,0.27890786550703656,3526.0044798600006,3515.919414436667,3520.9432295933334,3526.0044798600006,1.6369390880929526,0.2586041008940483,,,COMPLETE
64,0.9364680086501966,2025-08-24 18:36:41,2025-08-24 19:17:23,0 days 00:40:42,64.82434110739513,-0.36834632078488444,74.1688936152981,-0.8539625476284184,5.406996771296321,0.5583218643951395,3.780202033820079,4.762421126982446,,,,,,,,,,0.9364680086501966,,,PRUNED
